<<<<<<< HEAD
[22-Jun-2013 10:22:53 UTC] PHP Fatal error:  Class 'Facebook' not found in /Applications/MAMP/htdocs/devine/20122013/MAIV/FOOD/controller/AppController.php on line 17
=======
<<<<<<< HEAD
=======
<<<<<<< HEAD
[14-Jun-2013 20:24:08 UTC] PHP Warning:  require_once(/Applications/MAMP/htdocs/devine/20122013/MAIV/FOOD/controller/CampaginController.php): failed to open stream: No such file or directory in /Applications/MAMP/htdocs/devine/20122013/MAIV/FOOD/index.php on line 17
[14-Jun-2013 20:24:08 UTC] PHP Fatal error:  require_once(): Failed opening required '/Applications/MAMP/htdocs/devine/20122013/MAIV/FOOD/controller/CampaginController.php' (include_path='.:/Applications/MAMP/bin/php/php5.4.3/lib/php') in /Applications/MAMP/htdocs/devine/20122013/MAIV/FOOD/index.php on line 17
[16-Jun-2013 20:09:28] PHP Fatal error:  Class 'GalleryController' not found in /Applications/MAMP/htdocs/20122013/SEMESTER2/MAIV/FOOD-master/index.php on line 41
[16-Jun-2013 20:09:30] PHP Fatal error:  Class 'GalleryController' not found in /Applications/MAMP/htdocs/20122013/SEMESTER2/MAIV/FOOD-master/index.php on line 41
[16-Jun-2013 20:09:31] PHP Fatal error:  Class 'GalleryController' not found in /Applications/MAMP/htdocs/20122013/SEMESTER2/MAIV/FOOD-master/index.php on line 41
[16-Jun-2013 20:09:52] PHP Fatal error:  Class 'GalleryController' not found in /Applications/MAMP/htdocs/20122013/SEMESTER2/MAIV/FOOD-master/index.php on line 41
[16-Jun-2013 20:09:54] PHP Fatal error:  Class 'GalleryController' not found in /Applications/MAMP/htdocs/20122013/SEMESTER2/MAIV/FOOD-master/index.php on line 41
[16-Jun-2013 20:09:54] PHP Fatal error:  Class 'GalleryController' not found in /Applications/MAMP/htdocs/20122013/SEMESTER2/MAIV/FOOD-master/index.php on line 41
[16-Jun-2013 20:09:55] PHP Fatal error:  Class 'GalleryController' not found in /Applications/MAMP/htdocs/20122013/SEMESTER2/MAIV/FOOD-master/index.php on line 41
[16-Jun-2013 20:09:55] PHP Fatal error:  Class 'GalleryController' not found in /Applications/MAMP/htdocs/20122013/SEMESTER2/MAIV/FOOD-master/index.php on line 41
[16-Jun-2013 20:09:56] PHP Fatal error:  Class 'GalleryController' not found in /Applications/MAMP/htdocs/20122013/SEMESTER2/MAIV/FOOD-master/index.php on line 41
[16-Jun-2013 20:10:23] PHP Fatal error:  Cannot access parent:: when current class scope has no parent in /Applications/MAMP/htdocs/20122013/SEMESTER2/MAIV/FOOD-master/controller/GalleryController.php on line 12
[16-Jun-2013 20:10:24] PHP Fatal error:  Cannot access parent:: when current class scope has no parent in /Applications/MAMP/htdocs/20122013/SEMESTER2/MAIV/FOOD-master/controller/GalleryController.php on line 12
[16-Jun-2013 20:10:25] PHP Fatal error:  Cannot access parent:: when current class scope has no parent in /Applications/MAMP/htdocs/20122013/SEMESTER2/MAIV/FOOD-master/controller/GalleryController.php on line 12
[16-Jun-2013 20:10:25] PHP Fatal error:  Cannot access parent:: when current class scope has no parent in /Applications/MAMP/htdocs/20122013/SEMESTER2/MAIV/FOOD-master/controller/GalleryController.php on line 12
[16-Jun-2013 20:10:25] PHP Fatal error:  Cannot access parent:: when current class scope has no parent in /Applications/MAMP/htdocs/20122013/SEMESTER2/MAIV/FOOD-master/controller/GalleryController.php on line 12
[16-Jun-2013 20:10:25] PHP Fatal error:  Cannot access parent:: when current class scope has no parent in /Applications/MAMP/htdocs/20122013/SEMESTER2/MAIV/FOOD-master/controller/GalleryController.php on line 12
[16-Jun-2013 20:11:06] PHP Fatal error:  Cannot access parent:: when current class scope has no parent in /Applications/MAMP/htdocs/20122013/SEMESTER2/MAIV/FOOD-master/controller/GalleryController.php on line 12
[16-Jun-2013 20:11:06] PHP Fatal error:  Cannot access parent:: when current class scope has no parent in /Applications/MAMP/htdocs/20122013/SEMESTER2/MAIV/FOOD-master/controller/GalleryController.php on line 12
[16-Jun-2013 20:11:07] PHP Fatal error:  Cannot access parent:: when current class scope has no parent in /Applications/MAMP/htdocs/20122013/SEMESTER2/MAIV/FOOD-master/controller/GalleryController.php on line 12
[16-Jun-2013 20:11:07] PHP Fatal error:  Cannot access parent:: when current class scope has no parent in /Applications/MAMP/htdocs/20122013/SEMESTER2/MAIV/FOOD-master/controller/GalleryController.php on line 12
[16-Jun-2013 20:11:07] PHP Fatal error:  Cannot access parent:: when current class scope has no parent in /Applications/MAMP/htdocs/20122013/SEMESTER2/MAIV/FOOD-master/controller/GalleryController.php on line 12
[16-Jun-2013 20:11:07] PHP Fatal error:  Cannot access parent:: when current class scope has no parent in /Applications/MAMP/htdocs/20122013/SEMESTER2/MAIV/FOOD-master/controller/GalleryController.php on line 12
[16-Jun-2013 20:11:07] PHP Fatal error:  Cannot access parent:: when current class scope has no parent in /Applications/MAMP/htdocs/20122013/SEMESTER2/MAIV/FOOD-master/controller/GalleryController.php on line 12
[16-Jun-2013 20:11:08] PHP Fatal error:  Cannot access parent:: when current class scope has no parent in /Applications/MAMP/htdocs/20122013/SEMESTER2/MAIV/FOOD-master/controller/GalleryController.php on line 12
[16-Jun-2013 20:11:08] PHP Fatal error:  Cannot access parent:: when current class scope has no parent in /Applications/MAMP/htdocs/20122013/SEMESTER2/MAIV/FOOD-master/controller/GalleryController.php on line 12
[16-Jun-2013 20:11:08] PHP Fatal error:  Cannot access parent:: when current class scope has no parent in /Applications/MAMP/htdocs/20122013/SEMESTER2/MAIV/FOOD-master/controller/GalleryController.php on line 12
[16-Jun-2013 20:11:09] PHP Fatal error:  Cannot access parent:: when current class scope has no parent in /Applications/MAMP/htdocs/20122013/SEMESTER2/MAIV/FOOD-master/controller/GalleryController.php on line 12
[16-Jun-2013 20:11:13] PHP Fatal error:  Cannot access parent:: when current class scope has no parent in /Applications/MAMP/htdocs/20122013/SEMESTER2/MAIV/FOOD-master/controller/GalleryController.php on line 12
[16-Jun-2013 20:11:41] PHP Fatal error:  Cannot access parent:: when current class scope has no parent in /Applications/MAMP/htdocs/20122013/SEMESTER2/MAIV/FOOD-master/controller/GalleryController.php on line 12
[16-Jun-2013 20:11:42] PHP Fatal error:  Cannot access parent:: when current class scope has no parent in /Applications/MAMP/htdocs/20122013/SEMESTER2/MAIV/FOOD-master/controller/GalleryController.php on line 12
[16-Jun-2013 21:16:20] PHP Parse error:  syntax error, unexpected T_SL, expecting ')' in /Applications/MAMP/htdocs/20122013/SEMESTER2/MAIV/FOOD/bulk/compile/ccb6298d2802003163a3ed70fd118ea09320492c.file.gallery.tpl.php on line 14
[16-Jun-2013 21:16:22] PHP Parse error:  syntax error, unexpected T_SL, expecting ')' in /Applications/MAMP/htdocs/20122013/SEMESTER2/MAIV/FOOD/bulk/compile/ccb6298d2802003163a3ed70fd118ea09320492c.file.gallery.tpl.php on line 14
[16-Jun-2013 21:16:23] PHP Parse error:  syntax error, unexpected T_SL, expecting ')' in /Applications/MAMP/htdocs/20122013/SEMESTER2/MAIV/FOOD/bulk/compile/ccb6298d2802003163a3ed70fd118ea09320492c.file.gallery.tpl.php on line 14
[16-Jun-2013 21:16:27] PHP Parse error:  syntax error, unexpected T_SL, expecting ')' in /Applications/MAMP/htdocs/20122013/SEMESTER2/MAIV/FOOD/bulk/compile/ccb6298d2802003163a3ed70fd118ea09320492c.file.gallery.tpl.php on line 14
[16-Jun-2013 21:16:44] PHP Parse error:  syntax error, unexpected T_SL, expecting ')' in /Applications/MAMP/htdocs/20122013/SEMESTER2/MAIV/FOOD/bulk/compile/ccb6298d2802003163a3ed70fd118ea09320492c.file.gallery.tpl.php on line 14
[16-Jun-2013 21:16:45] PHP Parse error:  syntax error, unexpected T_SL, expecting ')' in /Applications/MAMP/htdocs/20122013/SEMESTER2/MAIV/FOOD/bulk/compile/ccb6298d2802003163a3ed70fd118ea09320492c.file.gallery.tpl.php on line 14
[16-Jun-2013 21:16:45] PHP Parse error:  syntax error, unexpected T_SL, expecting ')' in /Applications/MAMP/htdocs/20122013/SEMESTER2/MAIV/FOOD/bulk/compile/ccb6298d2802003163a3ed70fd118ea09320492c.file.gallery.tpl.php on line 14
[16-Jun-2013 21:16:45] PHP Parse error:  syntax error, unexpected T_SL, expecting ')' in /Applications/MAMP/htdocs/20122013/SEMESTER2/MAIV/FOOD/bulk/compile/ccb6298d2802003163a3ed70fd118ea09320492c.file.gallery.tpl.php on line 14
[16-Jun-2013 21:16:46] PHP Parse error:  syntax error, unexpected T_SL, expecting ')' in /Applications/MAMP/htdocs/20122013/SEMESTER2/MAIV/FOOD/bulk/compile/ccb6298d2802003163a3ed70fd118ea09320492c.file.gallery.tpl.php on line 14
[16-Jun-2013 21:16:46] PHP Parse error:  syntax error, unexpected T_SL, expecting ')' in /Applications/MAMP/htdocs/20122013/SEMESTER2/MAIV/FOOD/bulk/compile/ccb6298d2802003163a3ed70fd118ea09320492c.file.gallery.tpl.php on line 14
[16-Jun-2013 21:16:46] PHP Parse error:  syntax error, unexpected T_SL, expecting ')' in /Applications/MAMP/htdocs/20122013/SEMESTER2/MAIV/FOOD/bulk/compile/ccb6298d2802003163a3ed70fd118ea09320492c.file.gallery.tpl.php on line 14
[16-Jun-2013 21:16:49] PHP Parse error:  syntax error, unexpected T_SL, expecting ')' in /Applications/MAMP/htdocs/20122013/SEMESTER2/MAIV/FOOD/bulk/compile/ccb6298d2802003163a3ed70fd118ea09320492c.file.gallery.tpl.php on line 14
[16-Jun-2013 21:17:04] PHP Parse error:  syntax error, unexpected T_SL, expecting ')' in /Applications/MAMP/htdocs/20122013/SEMESTER2/MAIV/FOOD/bulk/compile/ccb6298d2802003163a3ed70fd118ea09320492c.file.gallery.tpl.php on line 14
[16-Jun-2013 21:17:07] PHP Parse error:  syntax error, unexpected T_SL, expecting ')' in /Applications/MAMP/htdocs/20122013/SEMESTER2/MAIV/FOOD/bulk/compile/ccb6298d2802003163a3ed70fd118ea09320492c.file.gallery.tpl.php on line 14
[16-Jun-2013 21:19:19] PHP Parse error:  syntax error, unexpected T_SL, expecting ')' in /Applications/MAMP/htdocs/20122013/SEMESTER2/MAIV/FOOD/bulk/compile/ccb6298d2802003163a3ed70fd118ea09320492c.file.gallery.tpl.php on line 14
[16-Jun-2013 21:19:21] PHP Parse error:  syntax error, unexpected T_SL, expecting ')' in /Applications/MAMP/htdocs/20122013/SEMESTER2/MAIV/FOOD/bulk/compile/ccb6298d2802003163a3ed70fd118ea09320492c.file.gallery.tpl.php on line 14
[16-Jun-2013 21:19:23] PHP Parse error:  syntax error, unexpected T_SL, expecting ')' in /Applications/MAMP/htdocs/20122013/SEMESTER2/MAIV/FOOD/bulk/compile/ccb6298d2802003163a3ed70fd118ea09320492c.file.gallery.tpl.php on line 14
[16-Jun-2013 21:19:44] PHP Parse error:  syntax error, unexpected T_SL, expecting ')' in /Applications/MAMP/htdocs/20122013/SEMESTER2/MAIV/FOOD/bulk/compile/ccb6298d2802003163a3ed70fd118ea09320492c.file.gallery.tpl.php on line 14
[16-Jun-2013 21:19:46] PHP Parse error:  syntax error, unexpected T_SL, expecting ')' in /Applications/MAMP/htdocs/20122013/SEMESTER2/MAIV/FOOD/bulk/compile/ccb6298d2802003163a3ed70fd118ea09320492c.file.gallery.tpl.php on line 14
[16-Jun-2013 21:20:43] PHP Parse error:  syntax error, unexpected T_SL, expecting ')' in /Applications/MAMP/htdocs/20122013/SEMESTER2/MAIV/FOOD/bulk/compile/ccb6298d2802003163a3ed70fd118ea09320492c.file.gallery.tpl.php on line 14
[16-Jun-2013 21:24:08] PHP Parse error:  syntax error, unexpected T_SL, expecting ')' in /Applications/MAMP/htdocs/20122013/SEMESTER2/MAIV/FOOD/bulk/compile/ccb6298d2802003163a3ed70fd118ea09320492c.file.gallery.tpl.php on line 14
[16-Jun-2013 21:24:11] PHP Parse error:  syntax error, unexpected T_SL, expecting ')' in /Applications/MAMP/htdocs/20122013/SEMESTER2/MAIV/FOOD/bulk/compile/ccb6298d2802003163a3ed70fd118ea09320492c.file.gallery.tpl.php on line 14
[16-Jun-2013 21:26:03] PHP Parse error:  syntax error, unexpected T_SL, expecting ')' in /Applications/MAMP/htdocs/20122013/SEMESTER2/MAIV/FOOD/bulk/compile/ccb6298d2802003163a3ed70fd118ea09320492c.file.gallery.tpl.php on line 14
=======
[16-Jun-2013 19:02:08 UTC] PHP Parse error:  syntax error, unexpected '<<' (T_SL), expecting ')' in /Applications/MAMP/htdocs/devine/20122013/MAIV/FOOD/bulk/compile/ccb6298d2802003163a3ed70fd118ea09320492c.file.gallery.tpl.php on line 14
>>>>>>> c94c7b88c28a64aa0d99591eaa0e64797ae5f9d4
[16-Jun-2013 23:43:04] PHP Parse error:  syntax error, unexpected T_IS_IDENTICAL in /Applications/MAMP/htdocs/20122013/SEMESTER2/MAIV/FOOD/bulk/compile/6fc1e9c8124881d5de817766906311b5c7d4961f.file.campaign.tpl.php on line 5
[16-Jun-2013 23:43:05] PHP Parse error:  syntax error, unexpected T_IS_IDENTICAL in /Applications/MAMP/htdocs/20122013/SEMESTER2/MAIV/FOOD/bulk/compile/6fc1e9c8124881d5de817766906311b5c7d4961f.file.campaign.tpl.php on line 5
[16-Jun-2013 23:43:06] PHP Parse error:  syntax error, unexpected T_IS_IDENTICAL in /Applications/MAMP/htdocs/20122013/SEMESTER2/MAIV/FOOD/bulk/compile/6fc1e9c8124881d5de817766906311b5c7d4961f.file.campaign.tpl.php on line 5
[16-Jun-2013 23:43:06] PHP Parse error:  syntax error, unexpected T_IS_IDENTICAL in /Applications/MAMP/htdocs/20122013/SEMESTER2/MAIV/FOOD/bulk/compile/6fc1e9c8124881d5de817766906311b5c7d4961f.file.campaign.tpl.php on line 5
<<<<<<< HEAD
[17-Jun-2013 12:50:31 Europe/Brussels] PHP Parse error:  syntax error, unexpected '<<' (T_SL), expecting ')' in /Applications/MAMP/htdocs/FOOD/bulk/compile/6fc1e9c8124881d5de817766906311b5c7d4961f.file.campaign.tpl.php on line 14
[17-Jun-2013 12:50:33 Europe/Brussels] PHP Parse error:  syntax error, unexpected '<<' (T_SL), expecting ')' in /Applications/MAMP/htdocs/FOOD/bulk/compile/6fc1e9c8124881d5de817766906311b5c7d4961f.file.campaign.tpl.php on line 14
[17-Jun-2013 12:50:36 Europe/Brussels] PHP Parse error:  syntax error, unexpected '<<' (T_SL), expecting ')' in /Applications/MAMP/htdocs/FOOD/bulk/compile/6fc1e9c8124881d5de817766906311b5c7d4961f.file.campaign.tpl.php on line 14
[17-Jun-2013 12:50:44 Europe/Brussels] PHP Parse error:  syntax error, unexpected '<<' (T_SL), expecting ')' in /Applications/MAMP/htdocs/FOOD/bulk/compile/6fc1e9c8124881d5de817766906311b5c7d4961f.file.campaign.tpl.php on line 14
[17-Jun-2013 12:50:51 Europe/Brussels] PHP Parse error:  syntax error, unexpected '<<' (T_SL), expecting ')' in /Applications/MAMP/htdocs/FOOD/bulk/compile/6fc1e9c8124881d5de817766906311b5c7d4961f.file.campaign.tpl.php on line 14
[17-Jun-2013 12:50:56 Europe/Brussels] PHP Parse error:  syntax error, unexpected '<<' (T_SL), expecting ')' in /Applications/MAMP/htdocs/FOOD/bulk/compile/6fc1e9c8124881d5de817766906311b5c7d4961f.file.campaign.tpl.php on line 14
=======
[17-Jun-2013 10:42:10] PHP Parse error:  syntax error, unexpected T_SL, expecting ')' in /Applications/MAMP/htdocs/20122013/SEMESTER2/MAIV/FOOD/bulk/compile/6fc1e9c8124881d5de817766906311b5c7d4961f.file.campaign.tpl.php on line 14
[17-Jun-2013 10:42:12] PHP Parse error:  syntax error, unexpected T_SL, expecting ')' in /Applications/MAMP/htdocs/20122013/SEMESTER2/MAIV/FOOD/bulk/compile/6fc1e9c8124881d5de817766906311b5c7d4961f.file.campaign.tpl.php on line 14
[17-Jun-2013 10:42:13] PHP Parse error:  syntax error, unexpected T_SL, expecting ')' in /Applications/MAMP/htdocs/20122013/SEMESTER2/MAIV/FOOD/bulk/compile/6fc1e9c8124881d5de817766906311b5c7d4961f.file.campaign.tpl.php on line 14
[17-Jun-2013 10:42:13] PHP Parse error:  syntax error, unexpected T_SL, expecting ')' in /Applications/MAMP/htdocs/20122013/SEMESTER2/MAIV/FOOD/bulk/compile/6fc1e9c8124881d5de817766906311b5c7d4961f.file.campaign.tpl.php on line 14
>>>>>>> eb3088ea4a8c6fa247b5481420e923d679fe16ba
<<<<<<< HEAD
[17-Jun-2013 13:52:07 Europe/Brussels] PHP Parse error:  syntax error, unexpected '===' (T_IS_IDENTICAL) in /Applications/MAMP/htdocs/FOOD/bulk/compile/6fc1e9c8124881d5de817766906311b5c7d4961f.file.campaign.tpl.php on line 5
=======
[17-Jun-2013 21:09:24] PHP Parse error:  syntax error, unexpected T_IS_IDENTICAL in /Applications/MAMP/htdocs/20122013/SEMESTER2/MAIV/FOOD/bulk/compile/6fc1e9c8124881d5de817766906311b5c7d4961f.file.campaign.tpl.php on line 5
[17-Jun-2013 21:09:38] PHP Parse error:  syntax error, unexpected T_IS_IDENTICAL in /Applications/MAMP/htdocs/20122013/SEMESTER2/MAIV/FOOD/bulk/compile/6fc1e9c8124881d5de817766906311b5c7d4961f.file.campaign.tpl.php on line 5
[17-Jun-2013 21:09:40] PHP Parse error:  syntax error, unexpected T_IS_IDENTICAL in /Applications/MAMP/htdocs/20122013/SEMESTER2/MAIV/FOOD/bulk/compile/6fc1e9c8124881d5de817766906311b5c7d4961f.file.campaign.tpl.php on line 5
[17-Jun-2013 21:09:41] PHP Parse error:  syntax error, unexpected T_IS_IDENTICAL in /Applications/MAMP/htdocs/20122013/SEMESTER2/MAIV/FOOD/bulk/compile/6fc1e9c8124881d5de817766906311b5c7d4961f.file.campaign.tpl.php on line 5
<<<<<<< HEAD
[20-Jun-2013 11:39:43 UTC] PHP Notice:  Undefined index: subtemplate in /Applications/MAMP/htdocs/devine/20122013/MAIV/FOOD/bulk/compile/ccb6298d2802003163a3ed70fd118ea09320492c.file.gallery.tpl.php on line 29
[20-Jun-2013 11:39:43 UTC] PHP Notice:  Trying to get property of non-object in /Applications/MAMP/htdocs/devine/20122013/MAIV/FOOD/bulk/compile/ccb6298d2802003163a3ed70fd118ea09320492c.file.gallery.tpl.php on line 29
=======
>>>>>>> d7b0605ed4ff4a0880c998ae8026a7dc4bae267b
>>>>>>> 9f64757984f0c34f4000b25224f9c787562d53e2
[20-Jun-2013 19:54:06] PHP Parse error:  syntax error, unexpected T_IS_IDENTICAL in /Applications/MAMP/htdocs/20122013/SEMESTER2/MAIV/FOOD/bulk/compile/8440fad56a6e193cbd984eebe94c35d3fb16dd17.file.create.tpl.php on line 5
[20-Jun-2013 19:54:09] PHP Parse error:  syntax error, unexpected T_IS_IDENTICAL in /Applications/MAMP/htdocs/20122013/SEMESTER2/MAIV/FOOD/bulk/compile/8440fad56a6e193cbd984eebe94c35d3fb16dd17.file.create.tpl.php on line 5
[20-Jun-2013 19:54:11] PHP Parse error:  syntax error, unexpected T_IS_IDENTICAL in /Applications/MAMP/htdocs/20122013/SEMESTER2/MAIV/FOOD/bulk/compile/8440fad56a6e193cbd984eebe94c35d3fb16dd17.file.create.tpl.php on line 5
[20-Jun-2013 19:54:14] PHP Notice:  Undefined index: subtemplate in /Applications/MAMP/htdocs/20122013/SEMESTER2/MAIV/FOOD/bulk/compile/ccb6298d2802003163a3ed70fd118ea09320492c.file.gallery.tpl.php on line 29
[20-Jun-2013 19:54:14] PHP Notice:  Trying to get property of non-object in /Applications/MAMP/htdocs/20122013/SEMESTER2/MAIV/FOOD/bulk/compile/ccb6298d2802003163a3ed70fd118ea09320492c.file.gallery.tpl.php on line 29
[20-Jun-2013 19:54:15] PHP Notice:  Undefined index: subtemplate in /Applications/MAMP/htdocs/20122013/SEMESTER2/MAIV/FOOD/bulk/compile/ccb6298d2802003163a3ed70fd118ea09320492c.file.gallery.tpl.php on line 29
[20-Jun-2013 19:54:15] PHP Notice:  Trying to get property of non-object in /Applications/MAMP/htdocs/20122013/SEMESTER2/MAIV/FOOD/bulk/compile/ccb6298d2802003163a3ed70fd118ea09320492c.file.gallery.tpl.php on line 29
[20-Jun-2013 19:54:17] PHP Notice:  Undefined index: subtemplate in /Applications/MAMP/htdocs/20122013/SEMESTER2/MAIV/FOOD/bulk/compile/ccb6298d2802003163a3ed70fd118ea09320492c.file.gallery.tpl.php on line 29
[20-Jun-2013 19:54:17] PHP Notice:  Trying to get property of non-object in /Applications/MAMP/htdocs/20122013/SEMESTER2/MAIV/FOOD/bulk/compile/ccb6298d2802003163a3ed70fd118ea09320492c.file.gallery.tpl.php on line 29
[20-Jun-2013 19:54:18] PHP Notice:  Undefined index: subtemplate in /Applications/MAMP/htdocs/20122013/SEMESTER2/MAIV/FOOD/bulk/compile/ccb6298d2802003163a3ed70fd118ea09320492c.file.gallery.tpl.php on line 29
[20-Jun-2013 19:54:18] PHP Notice:  Trying to get property of non-object in /Applications/MAMP/htdocs/20122013/SEMESTER2/MAIV/FOOD/bulk/compile/ccb6298d2802003163a3ed70fd118ea09320492c.file.gallery.tpl.php on line 29
[20-Jun-2013 19:54:19] PHP Notice:  Undefined index: subtemplate in /Applications/MAMP/htdocs/20122013/SEMESTER2/MAIV/FOOD/bulk/compile/ccb6298d2802003163a3ed70fd118ea09320492c.file.gallery.tpl.php on line 29
[20-Jun-2013 19:54:19] PHP Notice:  Trying to get property of non-object in /Applications/MAMP/htdocs/20122013/SEMESTER2/MAIV/FOOD/bulk/compile/ccb6298d2802003163a3ed70fd118ea09320492c.file.gallery.tpl.php on line 29
[20-Jun-2013 19:54:20] PHP Parse error:  syntax error, unexpected T_IS_IDENTICAL in /Applications/MAMP/htdocs/20122013/SEMESTER2/MAIV/FOOD/bulk/compile/8440fad56a6e193cbd984eebe94c35d3fb16dd17.file.create.tpl.php on line 5
[20-Jun-2013 21:05:32] PHP Parse error:  syntax error, unexpected T_IS_IDENTICAL in /Applications/MAMP/htdocs/20122013/SEMESTER2/MAIV/FOOD/bulk/compile/8440fad56a6e193cbd984eebe94c35d3fb16dd17.file.create.tpl.php on line 5
[20-Jun-2013 21:06:00] PHP Notice:  Undefined index: subtemplate in /Applications/MAMP/htdocs/20122013/SEMESTER2/MAIV/FOOD/bulk/compile/ccb6298d2802003163a3ed70fd118ea09320492c.file.gallery.tpl.php on line 29
[20-Jun-2013 21:06:00] PHP Notice:  Trying to get property of non-object in /Applications/MAMP/htdocs/20122013/SEMESTER2/MAIV/FOOD/bulk/compile/ccb6298d2802003163a3ed70fd118ea09320492c.file.gallery.tpl.php on line 29
[20-Jun-2013 21:06:01] PHP Notice:  Undefined index: subtemplate in /Applications/MAMP/htdocs/20122013/SEMESTER2/MAIV/FOOD/bulk/compile/ccb6298d2802003163a3ed70fd118ea09320492c.file.gallery.tpl.php on line 29
[20-Jun-2013 21:06:01] PHP Notice:  Trying to get property of non-object in /Applications/MAMP/htdocs/20122013/SEMESTER2/MAIV/FOOD/bulk/compile/ccb6298d2802003163a3ed70fd118ea09320492c.file.gallery.tpl.php on line 29
[20-Jun-2013 21:06:02] PHP Notice:  Undefined index: subtemplate in /Applications/MAMP/htdocs/20122013/SEMESTER2/MAIV/FOOD/bulk/compile/ccb6298d2802003163a3ed70fd118ea09320492c.file.gallery.tpl.php on line 29
[20-Jun-2013 21:06:02] PHP Notice:  Trying to get property of non-object in /Applications/MAMP/htdocs/20122013/SEMESTER2/MAIV/FOOD/bulk/compile/ccb6298d2802003163a3ed70fd118ea09320492c.file.gallery.tpl.php on line 29
[20-Jun-2013 21:06:06] PHP Parse error:  syntax error, unexpected T_IS_IDENTICAL in /Applications/MAMP/htdocs/20122013/SEMESTER2/MAIV/FOOD/bulk/compile/8440fad56a6e193cbd984eebe94c35d3fb16dd17.file.create.tpl.php on line 5
[20-Jun-2013 21:06:10] PHP Parse error:  syntax error, unexpected T_IS_IDENTICAL in /Applications/MAMP/htdocs/20122013/SEMESTER2/MAIV/FOOD/bulk/compile/8440fad56a6e193cbd984eebe94c35d3fb16dd17.file.create.tpl.php on line 5
[20-Jun-2013 21:08:48] PHP Notice:  Undefined index: subtemplate in /Applications/MAMP/htdocs/20122013/SEMESTER2/MAIV/FOOD/bulk/compile/ccb6298d2802003163a3ed70fd118ea09320492c.file.gallery.tpl.php on line 29
[20-Jun-2013 21:08:48] PHP Notice:  Trying to get property of non-object in /Applications/MAMP/htdocs/20122013/SEMESTER2/MAIV/FOOD/bulk/compile/ccb6298d2802003163a3ed70fd118ea09320492c.file.gallery.tpl.php on line 29
[20-Jun-2013 21:09:11] PHP Notice:  Undefined index: subtemplate in /Applications/MAMP/htdocs/20122013/SEMESTER2/MAIV/FOOD/bulk/compile/ccb6298d2802003163a3ed70fd118ea09320492c.file.gallery.tpl.php on line 29
[20-Jun-2013 21:09:11] PHP Notice:  Trying to get property of non-object in /Applications/MAMP/htdocs/20122013/SEMESTER2/MAIV/FOOD/bulk/compile/ccb6298d2802003163a3ed70fd118ea09320492c.file.gallery.tpl.php on line 29
[20-Jun-2013 21:09:13] PHP Notice:  Undefined index: subtemplate in /Applications/MAMP/htdocs/20122013/SEMESTER2/MAIV/FOOD/bulk/compile/ccb6298d2802003163a3ed70fd118ea09320492c.file.gallery.tpl.php on line 29
[20-Jun-2013 21:09:13] PHP Notice:  Trying to get property of non-object in /Applications/MAMP/htdocs/20122013/SEMESTER2/MAIV/FOOD/bulk/compile/ccb6298d2802003163a3ed70fd118ea09320492c.file.gallery.tpl.php on line 29
[20-Jun-2013 21:09:27] PHP Notice:  Undefined index: subtemplate in /Applications/MAMP/htdocs/20122013/SEMESTER2/MAIV/FOOD/bulk/compile/ccb6298d2802003163a3ed70fd118ea09320492c.file.gallery.tpl.php on line 29
[20-Jun-2013 21:09:27] PHP Notice:  Trying to get property of non-object in /Applications/MAMP/htdocs/20122013/SEMESTER2/MAIV/FOOD/bulk/compile/ccb6298d2802003163a3ed70fd118ea09320492c.file.gallery.tpl.php on line 29
[20-Jun-2013 21:09:30] PHP Notice:  Undefined index: subtemplate in /Applications/MAMP/htdocs/20122013/SEMESTER2/MAIV/FOOD/bulk/compile/ccb6298d2802003163a3ed70fd118ea09320492c.file.gallery.tpl.php on line 29
[20-Jun-2013 21:09:30] PHP Notice:  Trying to get property of non-object in /Applications/MAMP/htdocs/20122013/SEMESTER2/MAIV/FOOD/bulk/compile/ccb6298d2802003163a3ed70fd118ea09320492c.file.gallery.tpl.php on line 29
[20-Jun-2013 21:09:32] PHP Notice:  Undefined index: subtemplate in /Applications/MAMP/htdocs/20122013/SEMESTER2/MAIV/FOOD/bulk/compile/ccb6298d2802003163a3ed70fd118ea09320492c.file.gallery.tpl.php on line 29
[20-Jun-2013 21:09:32] PHP Notice:  Trying to get property of non-object in /Applications/MAMP/htdocs/20122013/SEMESTER2/MAIV/FOOD/bulk/compile/ccb6298d2802003163a3ed70fd118ea09320492c.file.gallery.tpl.php on line 29
[20-Jun-2013 21:09:34] PHP Notice:  Undefined index: subtemplate in /Applications/MAMP/htdocs/20122013/SEMESTER2/MAIV/FOOD/bulk/compile/ccb6298d2802003163a3ed70fd118ea09320492c.file.gallery.tpl.php on line 29
[20-Jun-2013 21:09:34] PHP Notice:  Trying to get property of non-object in /Applications/MAMP/htdocs/20122013/SEMESTER2/MAIV/FOOD/bulk/compile/ccb6298d2802003163a3ed70fd118ea09320492c.file.gallery.tpl.php on line 29
[20-Jun-2013 21:09:34] PHP Notice:  Undefined index: subtemplate in /Applications/MAMP/htdocs/20122013/SEMESTER2/MAIV/FOOD/bulk/compile/ccb6298d2802003163a3ed70fd118ea09320492c.file.gallery.tpl.php on line 29
[20-Jun-2013 21:09:34] PHP Notice:  Trying to get property of non-object in /Applications/MAMP/htdocs/20122013/SEMESTER2/MAIV/FOOD/bulk/compile/ccb6298d2802003163a3ed70fd118ea09320492c.file.gallery.tpl.php on line 29
[20-Jun-2013 21:10:03] PHP Notice:  Undefined index: subtemplate in /Applications/MAMP/htdocs/20122013/SEMESTER2/MAIV/FOOD/bulk/compile/ccb6298d2802003163a3ed70fd118ea09320492c.file.gallery.tpl.php on line 29
[20-Jun-2013 21:10:03] PHP Notice:  Trying to get property of non-object in /Applications/MAMP/htdocs/20122013/SEMESTER2/MAIV/FOOD/bulk/compile/ccb6298d2802003163a3ed70fd118ea09320492c.file.gallery.tpl.php on line 29
[20-Jun-2013 21:12:48] PHP Notice:  Undefined index: subtemplate in /Applications/MAMP/htdocs/20122013/SEMESTER2/MAIV/FOOD/bulk/compile/ccb6298d2802003163a3ed70fd118ea09320492c.file.gallery.tpl.php on line 29
[20-Jun-2013 21:12:48] PHP Notice:  Trying to get property of non-object in /Applications/MAMP/htdocs/20122013/SEMESTER2/MAIV/FOOD/bulk/compile/ccb6298d2802003163a3ed70fd118ea09320492c.file.gallery.tpl.php on line 29
[20-Jun-2013 21:13:30] PHP Notice:  Undefined index: subtemplate in /Applications/MAMP/htdocs/20122013/SEMESTER2/MAIV/FOOD/bulk/compile/ccb6298d2802003163a3ed70fd118ea09320492c.file.gallery.tpl.php on line 29
[20-Jun-2013 21:13:30] PHP Notice:  Trying to get property of non-object in /Applications/MAMP/htdocs/20122013/SEMESTER2/MAIV/FOOD/bulk/compile/ccb6298d2802003163a3ed70fd118ea09320492c.file.gallery.tpl.php on line 29
[20-Jun-2013 23:20:09] PHP Notice:  Undefined index: subtemplate in /Applications/MAMP/htdocs/20122013/SEMESTER2/MAIV/FOOD/bulk/compile/ccb6298d2802003163a3ed70fd118ea09320492c.file.gallery.tpl.php on line 29
[20-Jun-2013 23:20:09] PHP Notice:  Trying to get property of non-object in /Applications/MAMP/htdocs/20122013/SEMESTER2/MAIV/FOOD/bulk/compile/ccb6298d2802003163a3ed70fd118ea09320492c.file.gallery.tpl.php on line 29
[20-Jun-2013 23:24:04] PHP Notice:  Undefined index: subtemplate in /Applications/MAMP/htdocs/20122013/SEMESTER2/MAIV/FOOD/bulk/compile/ccb6298d2802003163a3ed70fd118ea09320492c.file.gallery.tpl.php on line 29
[20-Jun-2013 23:24:04] PHP Notice:  Trying to get property of non-object in /Applications/MAMP/htdocs/20122013/SEMESTER2/MAIV/FOOD/bulk/compile/ccb6298d2802003163a3ed70fd118ea09320492c.file.gallery.tpl.php on line 29
[20-Jun-2013 23:24:07] PHP Notice:  Undefined index: subtemplate in /Applications/MAMP/htdocs/20122013/SEMESTER2/MAIV/FOOD/bulk/compile/ccb6298d2802003163a3ed70fd118ea09320492c.file.gallery.tpl.php on line 29
[20-Jun-2013 23:24:07] PHP Notice:  Trying to get property of non-object in /Applications/MAMP/htdocs/20122013/SEMESTER2/MAIV/FOOD/bulk/compile/ccb6298d2802003163a3ed70fd118ea09320492c.file.gallery.tpl.php on line 29
[20-Jun-2013 23:24:09] PHP Notice:  Undefined index: subtemplate in /Applications/MAMP/htdocs/20122013/SEMESTER2/MAIV/FOOD/bulk/compile/ccb6298d2802003163a3ed70fd118ea09320492c.file.gallery.tpl.php on line 29
[20-Jun-2013 23:24:09] PHP Notice:  Trying to get property of non-object in /Applications/MAMP/htdocs/20122013/SEMESTER2/MAIV/FOOD/bulk/compile/ccb6298d2802003163a3ed70fd118ea09320492c.file.gallery.tpl.php on line 29
[20-Jun-2013 23:24:14] PHP Notice:  Undefined index: subtemplate in /Applications/MAMP/htdocs/20122013/SEMESTER2/MAIV/FOOD/bulk/compile/ccb6298d2802003163a3ed70fd118ea09320492c.file.gallery.tpl.php on line 29
[20-Jun-2013 23:24:14] PHP Notice:  Trying to get property of non-object in /Applications/MAMP/htdocs/20122013/SEMESTER2/MAIV/FOOD/bulk/compile/ccb6298d2802003163a3ed70fd118ea09320492c.file.gallery.tpl.php on line 29
[21-Jun-2013 11:11:00] PHP Parse error:  syntax error, unexpected ':' in /Applications/MAMP/htdocs/20122013/SEMESTER2/MAIV/FOOD/controller/CampaignController.php on line 14
[21-Jun-2013 11:11:02] PHP Parse error:  syntax error, unexpected ':' in /Applications/MAMP/htdocs/20122013/SEMESTER2/MAIV/FOOD/controller/CampaignController.php on line 14
[21-Jun-2013 11:11:08] PHP Notice:  Undefined index: subtemplate in /Applications/MAMP/htdocs/20122013/SEMESTER2/MAIV/FOOD/bulk/compile/ccb6298d2802003163a3ed70fd118ea09320492c.file.gallery.tpl.php on line 29
[21-Jun-2013 11:11:08] PHP Notice:  Trying to get property of non-object in /Applications/MAMP/htdocs/20122013/SEMESTER2/MAIV/FOOD/bulk/compile/ccb6298d2802003163a3ed70fd118ea09320492c.file.gallery.tpl.php on line 29
[21-Jun-2013 11:11:10] PHP Notice:  Undefined index: subtemplate in /Applications/MAMP/htdocs/20122013/SEMESTER2/MAIV/FOOD/bulk/compile/ccb6298d2802003163a3ed70fd118ea09320492c.file.gallery.tpl.php on line 29
[21-Jun-2013 11:11:10] PHP Notice:  Trying to get property of non-object in /Applications/MAMP/htdocs/20122013/SEMESTER2/MAIV/FOOD/bulk/compile/ccb6298d2802003163a3ed70fd118ea09320492c.file.gallery.tpl.php on line 29
[21-Jun-2013 11:12:18] PHP Notice:  Undefined index: subtemplate in /Applications/MAMP/htdocs/20122013/SEMESTER2/MAIV/FOOD/bulk/compile/ccb6298d2802003163a3ed70fd118ea09320492c.file.gallery.tpl.php on line 29
[21-Jun-2013 11:12:18] PHP Notice:  Trying to get property of non-object in /Applications/MAMP/htdocs/20122013/SEMESTER2/MAIV/FOOD/bulk/compile/ccb6298d2802003163a3ed70fd118ea09320492c.file.gallery.tpl.php on line 29
[21-Jun-2013 11:12:19] PHP Notice:  Undefined index: subtemplate in /Applications/MAMP/htdocs/20122013/SEMESTER2/MAIV/FOOD/bulk/compile/ccb6298d2802003163a3ed70fd118ea09320492c.file.gallery.tpl.php on line 29
[21-Jun-2013 11:12:19] PHP Notice:  Trying to get property of non-object in /Applications/MAMP/htdocs/20122013/SEMESTER2/MAIV/FOOD/bulk/compile/ccb6298d2802003163a3ed70fd118ea09320492c.file.gallery.tpl.php on line 29
[21-Jun-2013 11:12:20] PHP Notice:  Undefined index: subtemplate in /Applications/MAMP/htdocs/20122013/SEMESTER2/MAIV/FOOD/bulk/compile/ccb6298d2802003163a3ed70fd118ea09320492c.file.gallery.tpl.php on line 29
[21-Jun-2013 11:12:20] PHP Notice:  Trying to get property of non-object in /Applications/MAMP/htdocs/20122013/SEMESTER2/MAIV/FOOD/bulk/compile/ccb6298d2802003163a3ed70fd118ea09320492c.file.gallery.tpl.php on line 29
[21-Jun-2013 11:12:20] PHP Notice:  Undefined index: subtemplate in /Applications/MAMP/htdocs/20122013/SEMESTER2/MAIV/FOOD/bulk/compile/ccb6298d2802003163a3ed70fd118ea09320492c.file.gallery.tpl.php on line 29
[21-Jun-2013 11:12:20] PHP Notice:  Trying to get property of non-object in /Applications/MAMP/htdocs/20122013/SEMESTER2/MAIV/FOOD/bulk/compile/ccb6298d2802003163a3ed70fd118ea09320492c.file.gallery.tpl.php on line 29
[21-Jun-2013 11:12:21] PHP Notice:  Undefined index: subtemplate in /Applications/MAMP/htdocs/20122013/SEMESTER2/MAIV/FOOD/bulk/compile/ccb6298d2802003163a3ed70fd118ea09320492c.file.gallery.tpl.php on line 29
[21-Jun-2013 11:12:21] PHP Notice:  Trying to get property of non-object in /Applications/MAMP/htdocs/20122013/SEMESTER2/MAIV/FOOD/bulk/compile/ccb6298d2802003163a3ed70fd118ea09320492c.file.gallery.tpl.php on line 29
[21-Jun-2013 11:12:22] PHP Notice:  Undefined index: subtemplate in /Applications/MAMP/htdocs/20122013/SEMESTER2/MAIV/FOOD/bulk/compile/ccb6298d2802003163a3ed70fd118ea09320492c.file.gallery.tpl.php on line 29
[21-Jun-2013 11:12:22] PHP Notice:  Trying to get property of non-object in /Applications/MAMP/htdocs/20122013/SEMESTER2/MAIV/FOOD/bulk/compile/ccb6298d2802003163a3ed70fd118ea09320492c.file.gallery.tpl.php on line 29
[21-Jun-2013 11:12:23] PHP Notice:  Undefined index: subtemplate in /Applications/MAMP/htdocs/20122013/SEMESTER2/MAIV/FOOD/bulk/compile/ccb6298d2802003163a3ed70fd118ea09320492c.file.gallery.tpl.php on line 29
[21-Jun-2013 11:12:23] PHP Notice:  Trying to get property of non-object in /Applications/MAMP/htdocs/20122013/SEMESTER2/MAIV/FOOD/bulk/compile/ccb6298d2802003163a3ed70fd118ea09320492c.file.gallery.tpl.php on line 29
[21-Jun-2013 11:12:24] PHP Notice:  Undefined index: subtemplate in /Applications/MAMP/htdocs/20122013/SEMESTER2/MAIV/FOOD/bulk/compile/ccb6298d2802003163a3ed70fd118ea09320492c.file.gallery.tpl.php on line 29
[21-Jun-2013 11:12:24] PHP Notice:  Trying to get property of non-object in /Applications/MAMP/htdocs/20122013/SEMESTER2/MAIV/FOOD/bulk/compile/ccb6298d2802003163a3ed70fd118ea09320492c.file.gallery.tpl.php on line 29
[21-Jun-2013 11:12:41] PHP Notice:  Undefined index: subtemplate in /Applications/MAMP/htdocs/20122013/SEMESTER2/MAIV/FOOD/bulk/compile/ccb6298d2802003163a3ed70fd118ea09320492c.file.gallery.tpl.php on line 29
[21-Jun-2013 11:12:41] PHP Notice:  Trying to get property of non-object in /Applications/MAMP/htdocs/20122013/SEMESTER2/MAIV/FOOD/bulk/compile/ccb6298d2802003163a3ed70fd118ea09320492c.file.gallery.tpl.php on line 29
[21-Jun-2013 11:12:54] PHP Notice:  Undefined index: subtemplate in /Applications/MAMP/htdocs/20122013/SEMESTER2/MAIV/FOOD/bulk/compile/ccb6298d2802003163a3ed70fd118ea09320492c.file.gallery.tpl.php on line 29
[21-Jun-2013 11:12:54] PHP Notice:  Trying to get property of non-object in /Applications/MAMP/htdocs/20122013/SEMESTER2/MAIV/FOOD/bulk/compile/ccb6298d2802003163a3ed70fd118ea09320492c.file.gallery.tpl.php on line 29
[21-Jun-2013 11:20:42] PHP Fatal error:  Call to undefined function load80sGallery() in /Applications/MAMP/htdocs/20122013/SEMESTER2/MAIV/FOOD/controller/GalleryController.php on line 24
[21-Jun-2013 11:20:44] PHP Fatal error:  Call to undefined function load80sGallery() in /Applications/MAMP/htdocs/20122013/SEMESTER2/MAIV/FOOD/controller/GalleryController.php on line 24
[21-Jun-2013 11:21:08] PHP Fatal error:  Call to undefined function load80sGallery() in /Applications/MAMP/htdocs/20122013/SEMESTER2/MAIV/FOOD/controller/GalleryController.php on line 24
[21-Jun-2013 20:32:53] PHP Warning:  session_start() [<a href='function.session-start'>function.session-start</a>]: Cannot send session cache limiter - headers already sent (output started at /Applications/MAMP/htdocs/20122013/SEMESTER2/MAIV/FOOD/includes/functions.php:9) in /Applications/MAMP/htdocs/20122013/SEMESTER2/MAIV/FOOD/includes/facebook-sdk/src/facebook.php on line 49
[21-Jun-2013 20:33:20] PHP Warning:  session_start() [<a href='function.session-start'>function.session-start</a>]: Cannot send session cache limiter - headers already sent (output started at /Applications/MAMP/htdocs/20122013/SEMESTER2/MAIV/FOOD/includes/functions.php:9) in /Applications/MAMP/htdocs/20122013/SEMESTER2/MAIV/FOOD/includes/facebook-sdk/src/facebook.php on line 49
[21-Jun-2013 20:33:21] PHP Warning:  session_start() [<a href='function.session-start'>function.session-start</a>]: Cannot send session cache limiter - headers already sent (output started at /Applications/MAMP/htdocs/20122013/SEMESTER2/MAIV/FOOD/includes/functions.php:9) in /Applications/MAMP/htdocs/20122013/SEMESTER2/MAIV/FOOD/includes/facebook-sdk/src/facebook.php on line 49
[21-Jun-2013 20:33:21] PHP Warning:  session_start() [<a href='function.session-start'>function.session-start</a>]: Cannot send session cache limiter - headers already sent (output started at /Applications/MAMP/htdocs/20122013/SEMESTER2/MAIV/FOOD/includes/functions.php:9) in /Applications/MAMP/htdocs/20122013/SEMESTER2/MAIV/FOOD/includes/facebook-sdk/src/facebook.php on line 49
[21-Jun-2013 20:33:22] PHP Warning:  session_start() [<a href='function.session-start'>function.session-start</a>]: Cannot send session cache limiter - headers already sent (output started at /Applications/MAMP/htdocs/20122013/SEMESTER2/MAIV/FOOD/includes/functions.php:9) in /Applications/MAMP/htdocs/20122013/SEMESTER2/MAIV/FOOD/includes/facebook-sdk/src/facebook.php on line 49
[21-Jun-2013 20:33:22] PHP Warning:  session_start() [<a href='function.session-start'>function.session-start</a>]: Cannot send session cache limiter - headers already sent (output started at /Applications/MAMP/htdocs/20122013/SEMESTER2/MAIV/FOOD/includes/functions.php:9) in /Applications/MAMP/htdocs/20122013/SEMESTER2/MAIV/FOOD/includes/facebook-sdk/src/facebook.php on line 49
[21-Jun-2013 20:33:23] PHP Warning:  session_start() [<a href='function.session-start'>function.session-start</a>]: Cannot send session cache limiter - headers already sent (output started at /Applications/MAMP/htdocs/20122013/SEMESTER2/MAIV/FOOD/includes/functions.php:9) in /Applications/MAMP/htdocs/20122013/SEMESTER2/MAIV/FOOD/includes/facebook-sdk/src/facebook.php on line 49
[21-Jun-2013 20:34:01] PHP Warning:  session_start() [<a href='function.session-start'>function.session-start</a>]: Cannot send session cache limiter - headers already sent (output started at /Applications/MAMP/htdocs/20122013/SEMESTER2/MAIV/FOOD/includes/functions.php:9) in /Applications/MAMP/htdocs/20122013/SEMESTER2/MAIV/FOOD/includes/facebook-sdk/src/facebook.php on line 49
[21-Jun-2013 20:36:44] PHP Warning:  require_once(/Applications/MAMP/htdocs/20122013/SEMESTER2/MAIV/FOOD/includes/facebook.php) [<a href='function.require-once'>function.require-once</a>]: failed to open stream: No such file or directory in /Applications/MAMP/htdocs/20122013/SEMESTER2/MAIV/FOOD/controller/GalleryController.php on line 9
[21-Jun-2013 20:36:44] PHP Fatal error:  require_once() [<a href='function.require'>function.require</a>]: Failed opening required '/Applications/MAMP/htdocs/20122013/SEMESTER2/MAIV/FOOD/includes/facebook.php' (include_path='.:/Applications/MAMP/bin/php/php5.3.6/lib/php:/Applications/MAMP/htdocs/smarty/libs') in /Applications/MAMP/htdocs/20122013/SEMESTER2/MAIV/FOOD/controller/GalleryController.php on line 9
[21-Jun-2013 20:36:45] PHP Warning:  require_once(/Applications/MAMP/htdocs/20122013/SEMESTER2/MAIV/FOOD/includes/facebook.php) [<a href='function.require-once'>function.require-once</a>]: failed to open stream: No such file or directory in /Applications/MAMP/htdocs/20122013/SEMESTER2/MAIV/FOOD/controller/GalleryController.php on line 9
[21-Jun-2013 20:36:45] PHP Fatal error:  require_once() [<a href='function.require'>function.require</a>]: Failed opening required '/Applications/MAMP/htdocs/20122013/SEMESTER2/MAIV/FOOD/includes/facebook.php' (include_path='.:/Applications/MAMP/bin/php/php5.3.6/lib/php:/Applications/MAMP/htdocs/smarty/libs') in /Applications/MAMP/htdocs/20122013/SEMESTER2/MAIV/FOOD/controller/GalleryController.php on line 9
[21-Jun-2013 20:37:41] PHP Warning:  session_start() [<a href='function.session-start'>function.session-start</a>]: Cannot send session cache limiter - headers already sent (output started at /Applications/MAMP/htdocs/20122013/SEMESTER2/MAIV/FOOD/includes/functions.php:9) in /Applications/MAMP/htdocs/20122013/SEMESTER2/MAIV/FOOD/includes/facebook-sdk/src/facebook.php on line 49
[21-Jun-2013 20:37:41] PHP Warning:  session_start() [<a href='function.session-start'>function.session-start</a>]: Cannot send session cache limiter - headers already sent (output started at /Applications/MAMP/htdocs/20122013/SEMESTER2/MAIV/FOOD/includes/functions.php:9) in /Applications/MAMP/htdocs/20122013/SEMESTER2/MAIV/FOOD/includes/facebook-sdk/src/facebook.php on line 49
[21-Jun-2013 20:37:42] PHP Warning:  session_start() [<a href='function.session-start'>function.session-start</a>]: Cannot send session cache limiter - headers already sent (output started at /Applications/MAMP/htdocs/20122013/SEMESTER2/MAIV/FOOD/includes/functions.php:9) in /Applications/MAMP/htdocs/20122013/SEMESTER2/MAIV/FOOD/includes/facebook-sdk/src/facebook.php on line 49
[21-Jun-2013 20:37:42] PHP Warning:  session_start() [<a href='function.session-start'>function.session-start</a>]: Cannot send session cache limiter - headers already sent (output started at /Applications/MAMP/htdocs/20122013/SEMESTER2/MAIV/FOOD/includes/functions.php:9) in /Applications/MAMP/htdocs/20122013/SEMESTER2/MAIV/FOOD/includes/facebook-sdk/src/facebook.php on line 49
[21-Jun-2013 20:41:26] PHP Notice:  Undefined variable: action in /Applications/MAMP/htdocs/20122013/SEMESTER2/MAIV/FOOD/controller/GalleryController.php on line 58
[21-Jun-2013 20:43:26] PHP Notice:  Undefined variable: action in /Applications/MAMP/htdocs/20122013/SEMESTER2/MAIV/FOOD/controller/GalleryController.php on line 58
[21-Jun-2013 20:43:28] PHP Fatal error:  Call to undefined method Facebook::getSession() in /Applications/MAMP/htdocs/20122013/SEMESTER2/MAIV/FOOD/controller/GalleryController.php on line 92
[21-Jun-2013 20:44:03] PHP Fatal error:  Call to undefined method Facebook::getSession() in /Applications/MAMP/htdocs/20122013/SEMESTER2/MAIV/FOOD/controller/GalleryController.php on line 93
[21-Jun-2013 20:44:04] PHP Fatal error:  Call to undefined method Facebook::getSession() in /Applications/MAMP/htdocs/20122013/SEMESTER2/MAIV/FOOD/controller/GalleryController.php on line 93
[21-Jun-2013 20:44:13] PHP Fatal error:  Call to undefined method Facebook::getSession() in /Applications/MAMP/htdocs/20122013/SEMESTER2/MAIV/FOOD/controller/GalleryController.php on line 93
[21-Jun-2013 20:44:14] PHP Fatal error:  Call to undefined method Facebook::getSession() in /Applications/MAMP/htdocs/20122013/SEMESTER2/MAIV/FOOD/controller/GalleryController.php on line 93
[21-Jun-2013 20:44:15] PHP Fatal error:  Call to undefined method Facebook::getSession() in /Applications/MAMP/htdocs/20122013/SEMESTER2/MAIV/FOOD/controller/GalleryController.php on line 93
[21-Jun-2013 20:44:35] PHP Fatal error:  Call to undefined method Facebook::getSession() in /Applications/MAMP/htdocs/20122013/SEMESTER2/MAIV/FOOD/controller/GalleryController.php on line 93
[21-Jun-2013 20:44:35] PHP Fatal error:  Call to undefined method Facebook::getSession() in /Applications/MAMP/htdocs/20122013/SEMESTER2/MAIV/FOOD/controller/GalleryController.php on line 93
[21-Jun-2013 20:46:52] PHP Fatal error:  Call to undefined method Facebook::getSession() in /Applications/MAMP/htdocs/20122013/SEMESTER2/MAIV/FOOD/controller/GalleryController.php on line 93
[21-Jun-2013 20:46:53] PHP Fatal error:  Call to undefined method Facebook::getSession() in /Applications/MAMP/htdocs/20122013/SEMESTER2/MAIV/FOOD/controller/GalleryController.php on line 93
[21-Jun-2013 20:46:53] PHP Fatal error:  Call to undefined method Facebook::getSession() in /Applications/MAMP/htdocs/20122013/SEMESTER2/MAIV/FOOD/controller/GalleryController.php on line 93
[21-Jun-2013 20:46:53] PHP Fatal error:  Call to undefined method Facebook::getSession() in /Applications/MAMP/htdocs/20122013/SEMESTER2/MAIV/FOOD/controller/GalleryController.php on line 93
[21-Jun-2013 20:46:53] PHP Fatal error:  Call to undefined method Facebook::getSession() in /Applications/MAMP/htdocs/20122013/SEMESTER2/MAIV/FOOD/controller/GalleryController.php on line 93
[21-Jun-2013 20:46:54] PHP Fatal error:  Call to undefined method Facebook::getSession() in /Applications/MAMP/htdocs/20122013/SEMESTER2/MAIV/FOOD/controller/GalleryController.php on line 93
[21-Jun-2013 20:46:54] PHP Fatal error:  Call to undefined method Facebook::getSession() in /Applications/MAMP/htdocs/20122013/SEMESTER2/MAIV/FOOD/controller/GalleryController.php on line 93
[21-Jun-2013 20:46:54] PHP Fatal error:  Call to undefined method Facebook::getSession() in /Applications/MAMP/htdocs/20122013/SEMESTER2/MAIV/FOOD/controller/GalleryController.php on line 93
[21-Jun-2013 20:47:11] PHP Fatal error:  Call to undefined method Facebook::getSession() in /Applications/MAMP/htdocs/20122013/SEMESTER2/MAIV/FOOD/controller/GalleryController.php on line 93
[21-Jun-2013 20:49:55] PHP Fatal error:  Call to undefined method Facebook::getSession() in /Applications/MAMP/htdocs/20122013/SEMESTER2/MAIV/FOOD/controller/GalleryController.php on line 94
[21-Jun-2013 20:49:56] PHP Fatal error:  Call to undefined method Facebook::getSession() in /Applications/MAMP/htdocs/20122013/SEMESTER2/MAIV/FOOD/controller/GalleryController.php on line 94
[21-Jun-2013 21:00:41] Shared session ID cookie could not be set! You must ensure you create the Facebook instance before headers have been sent. This will cause authentication issues after the first request.
[21-Jun-2013 21:00:41] PHP Fatal error:  Call to undefined method Facebook::require_login() in /Applications/MAMP/htdocs/20122013/SEMESTER2/MAIV/FOOD/controller/GalleryController.php on line 91
[21-Jun-2013 21:01:11] Shared session ID cookie could not be set! You must ensure you create the Facebook instance before headers have been sent. This will cause authentication issues after the first request.
[21-Jun-2013 21:01:11] PHP Fatal error:  Call to undefined method Facebook::require_login() in /Applications/MAMP/htdocs/20122013/SEMESTER2/MAIV/FOOD/controller/GalleryController.php on line 91
[21-Jun-2013 21:01:12] Shared session ID cookie could not be set! You must ensure you create the Facebook instance before headers have been sent. This will cause authentication issues after the first request.
[21-Jun-2013 21:01:12] PHP Fatal error:  Call to undefined method Facebook::require_login() in /Applications/MAMP/htdocs/20122013/SEMESTER2/MAIV/FOOD/controller/GalleryController.php on line 91
[21-Jun-2013 21:01:12] Shared session ID cookie could not be set! You must ensure you create the Facebook instance before headers have been sent. This will cause authentication issues after the first request.
[21-Jun-2013 21:01:12] PHP Fatal error:  Call to undefined method Facebook::require_login() in /Applications/MAMP/htdocs/20122013/SEMESTER2/MAIV/FOOD/controller/GalleryController.php on line 91
[21-Jun-2013 21:01:13] Shared session ID cookie could not be set! You must ensure you create the Facebook instance before headers have been sent. This will cause authentication issues after the first request.
[21-Jun-2013 21:01:13] PHP Fatal error:  Call to undefined method Facebook::require_login() in /Applications/MAMP/htdocs/20122013/SEMESTER2/MAIV/FOOD/controller/GalleryController.php on line 91
[21-Jun-2013 21:01:13] Shared session ID cookie could not be set! You must ensure you create the Facebook instance before headers have been sent. This will cause authentication issues after the first request.
[21-Jun-2013 21:01:13] PHP Fatal error:  Call to undefined method Facebook::require_login() in /Applications/MAMP/htdocs/20122013/SEMESTER2/MAIV/FOOD/controller/GalleryController.php on line 91
[21-Jun-2013 21:01:13] Shared session ID cookie could not be set! You must ensure you create the Facebook instance before headers have been sent. This will cause authentication issues after the first request.
[21-Jun-2013 21:01:13] PHP Fatal error:  Call to undefined method Facebook::require_login() in /Applications/MAMP/htdocs/20122013/SEMESTER2/MAIV/FOOD/controller/GalleryController.php on line 91
[21-Jun-2013 21:01:13] Shared session ID cookie could not be set! You must ensure you create the Facebook instance before headers have been sent. This will cause authentication issues after the first request.
[21-Jun-2013 21:01:13] PHP Fatal error:  Call to undefined method Facebook::require_login() in /Applications/MAMP/htdocs/20122013/SEMESTER2/MAIV/FOOD/controller/GalleryController.php on line 91
[21-Jun-2013 21:11:59] PHP Notice:  Undefined variable: facebook in /Applications/MAMP/htdocs/20122013/SEMESTER2/MAIV/FOOD/controller/GalleryController.php on line 89
[21-Jun-2013 21:11:59] PHP Fatal error:  Call to a member function getUser() on a non-object in /Applications/MAMP/htdocs/20122013/SEMESTER2/MAIV/FOOD/controller/GalleryController.php on line 89
[21-Jun-2013 21:14:24] PHP Notice:  Undefined variable: facebook in /Applications/MAMP/htdocs/20122013/SEMESTER2/MAIV/FOOD/controller/GalleryController.php on line 91
[21-Jun-2013 21:14:24] PHP Fatal error:  Call to a member function getUser() on a non-object in /Applications/MAMP/htdocs/20122013/SEMESTER2/MAIV/FOOD/controller/GalleryController.php on line 91
[21-Jun-2013 21:15:47] PHP Notice:  Undefined variable: user_profile in /Applications/MAMP/htdocs/20122013/SEMESTER2/MAIV/FOOD/controller/GalleryController.php on line 101
[21-Jun-2013 21:15:49] PHP Notice:  Undefined variable: user_profile in /Applications/MAMP/htdocs/20122013/SEMESTER2/MAIV/FOOD/controller/GalleryController.php on line 101
[21-Jun-2013 21:20:14] PHP Warning:  include_once(facebook.php) [<a href='function.include-once'>function.include-once</a>]: failed to open stream: No such file or directory in /Applications/MAMP/htdocs/20122013/SEMESTER2/MAIV/FOOD/controller/GalleryController.php on line 87
[21-Jun-2013 21:20:14] PHP Warning:  include_once() [<a href='function.include'>function.include</a>]: Failed opening 'facebook.php' for inclusion (include_path='.:/Applications/MAMP/bin/php/php5.3.6/lib/php:/Applications/MAMP/htdocs/smarty/libs') in /Applications/MAMP/htdocs/20122013/SEMESTER2/MAIV/FOOD/controller/GalleryController.php on line 87
[21-Jun-2013 21:20:24] PHP Warning:  include_once(facebook.php) [<a href='function.include-once'>function.include-once</a>]: failed to open stream: No such file or directory in /Applications/MAMP/htdocs/20122013/SEMESTER2/MAIV/FOOD/controller/GalleryController.php on line 87
[21-Jun-2013 21:20:24] PHP Warning:  include_once() [<a href='function.include'>function.include</a>]: Failed opening 'facebook.php' for inclusion (include_path='.:/Applications/MAMP/bin/php/php5.3.6/lib/php:/Applications/MAMP/htdocs/smarty/libs') in /Applications/MAMP/htdocs/20122013/SEMESTER2/MAIV/FOOD/controller/GalleryController.php on line 87
[21-Jun-2013 21:20:34] PHP Warning:  include_once(facebook.php) [<a href='function.include-once'>function.include-once</a>]: failed to open stream: No such file or directory in /Applications/MAMP/htdocs/20122013/SEMESTER2/MAIV/FOOD/controller/GalleryController.php on line 87
[21-Jun-2013 21:20:34] PHP Warning:  include_once() [<a href='function.include'>function.include</a>]: Failed opening 'facebook.php' for inclusion (include_path='.:/Applications/MAMP/bin/php/php5.3.6/lib/php:/Applications/MAMP/htdocs/smarty/libs') in /Applications/MAMP/htdocs/20122013/SEMESTER2/MAIV/FOOD/controller/GalleryController.php on line 87
[21-Jun-2013 21:20:37] PHP Warning:  include_once(facebook.php) [<a href='function.include-once'>function.include-once</a>]: failed to open stream: No such file or directory in /Applications/MAMP/htdocs/20122013/SEMESTER2/MAIV/FOOD/controller/GalleryController.php on line 87
[21-Jun-2013 21:20:37] PHP Warning:  include_once() [<a href='function.include'>function.include</a>]: Failed opening 'facebook.php' for inclusion (include_path='.:/Applications/MAMP/bin/php/php5.3.6/lib/php:/Applications/MAMP/htdocs/smarty/libs') in /Applications/MAMP/htdocs/20122013/SEMESTER2/MAIV/FOOD/controller/GalleryController.php on line 87
[21-Jun-2013 21:20:37] CSRF state token does not match one provided.
[21-Jun-2013 21:20:38] PHP Warning:  include_once(facebook.php) [<a href='function.include-once'>function.include-once</a>]: failed to open stream: No such file or directory in /Applications/MAMP/htdocs/20122013/SEMESTER2/MAIV/FOOD/controller/GalleryController.php on line 87
[21-Jun-2013 21:20:38] PHP Warning:  include_once() [<a href='function.include'>function.include</a>]: Failed opening 'facebook.php' for inclusion (include_path='.:/Applications/MAMP/bin/php/php5.3.6/lib/php:/Applications/MAMP/htdocs/smarty/libs') in /Applications/MAMP/htdocs/20122013/SEMESTER2/MAIV/FOOD/controller/GalleryController.php on line 87
[21-Jun-2013 21:20:38] CSRF state token does not match one provided.
[21-Jun-2013 21:21:57] PHP Warning:  include_once(facebook.php) [<a href='function.include-once'>function.include-once</a>]: failed to open stream: No such file or directory in /Applications/MAMP/htdocs/20122013/SEMESTER2/MAIV/FOOD/controller/GalleryController.php on line 87
[21-Jun-2013 21:21:57] PHP Warning:  include_once() [<a href='function.include'>function.include</a>]: Failed opening 'facebook.php' for inclusion (include_path='.:/Applications/MAMP/bin/php/php5.3.6/lib/php:/Applications/MAMP/htdocs/smarty/libs') in /Applications/MAMP/htdocs/20122013/SEMESTER2/MAIV/FOOD/controller/GalleryController.php on line 87
[21-Jun-2013 21:21:57] CSRF state token does not match one provided.
[21-Jun-2013 21:22:44] CSRF state token does not match one provided.
[21-Jun-2013 21:22:45] CSRF state token does not match one provided.
[21-Jun-2013 21:43:55] PHP Fatal error:  Class 'DatabasePDO' not found in /Applications/MAMP/htdocs/20122013/SEMESTER2/MAIV/FOOD/DAO/UserDAO.php on line 15
[21-Jun-2013 21:43:57] PHP Fatal error:  Class 'DatabasePDO' not found in /Applications/MAMP/htdocs/20122013/SEMESTER2/MAIV/FOOD/DAO/UserDAO.php on line 15
[21-Jun-2013 21:45:21] PHP Fatal error:  Class 'configOnline' not found in /Applications/MAMP/htdocs/20122013/SEMESTER2/MAIV/FOOD/DAO/DatabasePDO.php on line 13
[21-Jun-2013 21:45:22] PHP Fatal error:  Class 'configOnline' not found in /Applications/MAMP/htdocs/20122013/SEMESTER2/MAIV/FOOD/DAO/DatabasePDO.php on line 13
[21-Jun-2013 21:45:23] PHP Fatal error:  Class 'configOnline' not found in /Applications/MAMP/htdocs/20122013/SEMESTER2/MAIV/FOOD/DAO/DatabasePDO.php on line 13
[21-Jun-2013 21:45:23] PHP Fatal error:  Class 'configOnline' not found in /Applications/MAMP/htdocs/20122013/SEMESTER2/MAIV/FOOD/DAO/DatabasePDO.php on line 13
[21-Jun-2013 21:55:52] PHP Notice:  Undefined index: user_id in /Applications/MAMP/htdocs/20122013/SEMESTER2/MAIV/FOOD/controller/GalleryController.php on line 124
[21-Jun-2013 22:13:20] PHP Notice:  Undefined index: user_id in /Applications/MAMP/htdocs/20122013/SEMESTER2/MAIV/FOOD/DAO/UserDAO.php on line 49
[21-Jun-2013 22:38:38] PHP Fatal error:  Call to undefined method UserDAO::insertLike() in /Applications/MAMP/htdocs/20122013/SEMESTER2/MAIV/FOOD/controller/GalleryController.php on line 154
[21-Jun-2013 22:39:02] PHP Notice:  Undefined variable: checkSuccesInsert in /Applications/MAMP/htdocs/20122013/SEMESTER2/MAIV/FOOD/controller/GalleryController.php on line 156
[21-Jun-2013 22:39:26] PHP Notice:  Undefined variable: checkSuccesInsert in /Applications/MAMP/htdocs/20122013/SEMESTER2/MAIV/FOOD/controller/GalleryController.php on line 156
[21-Jun-2013 22:39:36] PHP Notice:  Undefined variable: checkSuccesInsert in /Applications/MAMP/htdocs/20122013/SEMESTER2/MAIV/FOOD/controller/GalleryController.php on line 156
[21-Jun-2013 22:40:01] PHP Notice:  Undefined variable: checkSuccesInsert in /Applications/MAMP/htdocs/20122013/SEMESTER2/MAIV/FOOD/controller/GalleryController.php on line 156
[21-Jun-2013 23:13:09] PHP Parse error:  syntax error, unexpected T_SL, expecting ')' in /Applications/MAMP/htdocs/20122013/SEMESTER2/MAIV/FOOD/bulk/compile/6fc1e9c8124881d5de817766906311b5c7d4961f.file.campaign.tpl.php on line 14
[21-Jun-2013 23:13:10] PHP Parse error:  syntax error, unexpected T_SL, expecting ')' in /Applications/MAMP/htdocs/20122013/SEMESTER2/MAIV/FOOD/bulk/compile/6fc1e9c8124881d5de817766906311b5c7d4961f.file.campaign.tpl.php on line 14
[21-Jun-2013 23:13:11] PHP Parse error:  syntax error, unexpected T_SL, expecting ')' in /Applications/MAMP/htdocs/20122013/SEMESTER2/MAIV/FOOD/bulk/compile/6fc1e9c8124881d5de817766906311b5c7d4961f.file.campaign.tpl.php on line 14
[21-Jun-2013 23:13:12] PHP Parse error:  syntax error, unexpected T_SL, expecting ')' in /Applications/MAMP/htdocs/20122013/SEMESTER2/MAIV/FOOD/bulk/compile/6fc1e9c8124881d5de817766906311b5c7d4961f.file.campaign.tpl.php on line 14
[21-Jun-2013 23:13:12] PHP Parse error:  syntax error, unexpected T_SL, expecting ')' in /Applications/MAMP/htdocs/20122013/SEMESTER2/MAIV/FOOD/bulk/compile/6fc1e9c8124881d5de817766906311b5c7d4961f.file.campaign.tpl.php on line 14
[21-Jun-2013 23:13:12] PHP Parse error:  syntax error, unexpected T_SL, expecting ')' in /Applications/MAMP/htdocs/20122013/SEMESTER2/MAIV/FOOD/bulk/compile/6fc1e9c8124881d5de817766906311b5c7d4961f.file.campaign.tpl.php on line 14
[21-Jun-2013 23:13:13] PHP Parse error:  syntax error, unexpected T_SL, expecting ')' in /Applications/MAMP/htdocs/20122013/SEMESTER2/MAIV/FOOD/bulk/compile/6fc1e9c8124881d5de817766906311b5c7d4961f.file.campaign.tpl.php on line 14
[21-Jun-2013 23:13:14] PHP Parse error:  syntax error, unexpected T_SL, expecting ')' in /Applications/MAMP/htdocs/20122013/SEMESTER2/MAIV/FOOD/bulk/compile/6fc1e9c8124881d5de817766906311b5c7d4961f.file.campaign.tpl.php on line 14
[21-Jun-2013 23:13:17] PHP Parse error:  syntax error, unexpected T_SL, expecting ')' in /Applications/MAMP/htdocs/20122013/SEMESTER2/MAIV/FOOD/bulk/compile/6fc1e9c8124881d5de817766906311b5c7d4961f.file.campaign.tpl.php on line 14
[21-Jun-2013 23:14:50] OAuthException: Error validating access token: User 1338456651 has not authorized application 616766485000843.
[21-Jun-2013 23:44:36] PHP Fatal error:  Cannot redeclare class Facebook in /Applications/MAMP/htdocs/20122013/SEMESTER2/MAIV/FOOD/facebook/src/facebook.php on line 25
[21-Jun-2013 23:44:37] PHP Fatal error:  Cannot redeclare class Facebook in /Applications/MAMP/htdocs/20122013/SEMESTER2/MAIV/FOOD/facebook/src/facebook.php on line 25
[21-Jun-2013 23:44:37] PHP Fatal error:  Cannot redeclare class Facebook in /Applications/MAMP/htdocs/20122013/SEMESTER2/MAIV/FOOD/facebook/src/facebook.php on line 25
[21-Jun-2013 23:45:01] PHP Notice:  Undefined variable: user_profile in /Applications/MAMP/htdocs/20122013/SEMESTER2/MAIV/FOOD/controller/GalleryController.php on line 132
[21-Jun-2013 23:45:02] PHP Notice:  Undefined variable: user_profile in /Applications/MAMP/htdocs/20122013/SEMESTER2/MAIV/FOOD/controller/GalleryController.php on line 132
[21-Jun-2013 23:45:47] PHP Notice:  Undefined variable: user_profile in /Applications/MAMP/htdocs/20122013/SEMESTER2/MAIV/FOOD/controller/GalleryController.php on line 132
[21-Jun-2013 23:45:47] PHP Notice:  Undefined variable: user_profile in /Applications/MAMP/htdocs/20122013/SEMESTER2/MAIV/FOOD/controller/GalleryController.php on line 132
[21-Jun-2013 23:45:48] PHP Notice:  Undefined variable: user_profile in /Applications/MAMP/htdocs/20122013/SEMESTER2/MAIV/FOOD/controller/GalleryController.php on line 132
[21-Jun-2013 23:45:48] PHP Notice:  Undefined variable: user_profile in /Applications/MAMP/htdocs/20122013/SEMESTER2/MAIV/FOOD/controller/GalleryController.php on line 132
[21-Jun-2013 23:45:48] PHP Notice:  Undefined variable: user_profile in /Applications/MAMP/htdocs/20122013/SEMESTER2/MAIV/FOOD/controller/GalleryController.php on line 132
[21-Jun-2013 23:45:48] PHP Notice:  Undefined variable: user_profile in /Applications/MAMP/htdocs/20122013/SEMESTER2/MAIV/FOOD/controller/GalleryController.php on line 132
[21-Jun-2013 23:45:48] PHP Notice:  Undefined variable: user_profile in /Applications/MAMP/htdocs/20122013/SEMESTER2/MAIV/FOOD/controller/GalleryController.php on line 132
[21-Jun-2013 23:46:33] PHP Fatal error:  Uncaught OAuthException: An active access token must be used to query information about the current user.
  thrown in /Applications/MAMP/htdocs/20122013/SEMESTER2/MAIV/FOOD/facebook/src/base_facebook.php on line 1274
[21-Jun-2013 23:46:46] PHP Notice:  Undefined variable: user_profile in /Applications/MAMP/htdocs/20122013/SEMESTER2/MAIV/FOOD/controller/GalleryController.php on line 131
[21-Jun-2013 23:51:34] PHP Notice:  Undefined index: appId in /Applications/MAMP/htdocs/20122013/SEMESTER2/MAIV/FOOD/facebook/src/base_facebook.php on line 227
[21-Jun-2013 23:51:35] PHP Notice:  Undefined index: appId in /Applications/MAMP/htdocs/20122013/SEMESTER2/MAIV/FOOD/facebook/src/base_facebook.php on line 227
[21-Jun-2013 23:51:35] PHP Notice:  Undefined index: appId in /Applications/MAMP/htdocs/20122013/SEMESTER2/MAIV/FOOD/facebook/src/base_facebook.php on line 227
[21-Jun-2013 23:51:36] PHP Notice:  Undefined index: appId in /Applications/MAMP/htdocs/20122013/SEMESTER2/MAIV/FOOD/facebook/src/base_facebook.php on line 227
[21-Jun-2013 23:52:12] PHP Notice:  Undefined index: appId in /Applications/MAMP/htdocs/20122013/SEMESTER2/MAIV/FOOD/facebook/src/base_facebook.php on line 227
[21-Jun-2013 23:52:12] PHP Notice:  Undefined index: appId in /Applications/MAMP/htdocs/20122013/SEMESTER2/MAIV/FOOD/facebook/src/base_facebook.php on line 227
[21-Jun-2013 23:52:13] PHP Notice:  Undefined index: appId in /Applications/MAMP/htdocs/20122013/SEMESTER2/MAIV/FOOD/facebook/src/base_facebook.php on line 227
[21-Jun-2013 23:52:13] PHP Notice:  Undefined index: appId in /Applications/MAMP/htdocs/20122013/SEMESTER2/MAIV/FOOD/facebook/src/base_facebook.php on line 227
[21-Jun-2013 23:52:13] PHP Notice:  Undefined index: appId in /Applications/MAMP/htdocs/20122013/SEMESTER2/MAIV/FOOD/facebook/src/base_facebook.php on line 227
[21-Jun-2013 23:52:13] PHP Notice:  Undefined index: appId in /Applications/MAMP/htdocs/20122013/SEMESTER2/MAIV/FOOD/facebook/src/base_facebook.php on line 227
[21-Jun-2013 23:52:13] PHP Notice:  Undefined index: appId in /Applications/MAMP/htdocs/20122013/SEMESTER2/MAIV/FOOD/facebook/src/base_facebook.php on line 227
[21-Jun-2013 23:52:13] PHP Notice:  Undefined index: appId in /Applications/MAMP/htdocs/20122013/SEMESTER2/MAIV/FOOD/facebook/src/base_facebook.php on line 227
[21-Jun-2013 23:52:14] PHP Notice:  Undefined index: appId in /Applications/MAMP/htdocs/20122013/SEMESTER2/MAIV/FOOD/facebook/src/base_facebook.php on line 227
[21-Jun-2013 23:52:22] PHP Notice:  Undefined index: appId in /Applications/MAMP/htdocs/20122013/SEMESTER2/MAIV/FOOD/facebook/src/base_facebook.php on line 227
[21-Jun-2013 23:53:34] PHP Warning:  require(facebook.php) [<a href='function.require'>function.require</a>]: failed to open stream: No such file or directory in /Applications/MAMP/htdocs/20122013/SEMESTER2/MAIV/FOOD/controller/GalleryController.php on line 102
[21-Jun-2013 23:53:34] PHP Fatal error:  require() [<a href='function.require'>function.require</a>]: Failed opening required 'facebook.php' (include_path='.:/Applications/MAMP/bin/php/php5.3.6/lib/php:/Applications/MAMP/htdocs/smarty/libs') in /Applications/MAMP/htdocs/20122013/SEMESTER2/MAIV/FOOD/controller/GalleryController.php on line 102
[21-Jun-2013 23:53:35] PHP Warning:  require(facebook.php) [<a href='function.require'>function.require</a>]: failed to open stream: No such file or directory in /Applications/MAMP/htdocs/20122013/SEMESTER2/MAIV/FOOD/controller/GalleryController.php on line 102
[21-Jun-2013 23:53:35] PHP Fatal error:  require() [<a href='function.require'>function.require</a>]: Failed opening required 'facebook.php' (include_path='.:/Applications/MAMP/bin/php/php5.3.6/lib/php:/Applications/MAMP/htdocs/smarty/libs') in /Applications/MAMP/htdocs/20122013/SEMESTER2/MAIV/FOOD/controller/GalleryController.php on line 102
[21-Jun-2013 23:57:13] PHP Notice:  Undefined variable: user_profile in /Applications/MAMP/htdocs/20122013/SEMESTER2/MAIV/FOOD/controller/GalleryController.php on line 133
[21-Jun-2013 23:57:14] PHP Notice:  Undefined variable: user_profile in /Applications/MAMP/htdocs/20122013/SEMESTER2/MAIV/FOOD/controller/GalleryController.php on line 133
[21-Jun-2013 23:58:04] PHP Notice:  Undefined variable: user_profile in /Applications/MAMP/htdocs/20122013/SEMESTER2/MAIV/FOOD/controller/GalleryController.php on line 136
[21-Jun-2013 23:58:04] PHP Notice:  Undefined variable: user_profile in /Applications/MAMP/htdocs/20122013/SEMESTER2/MAIV/FOOD/controller/GalleryController.php on line 136
[21-Jun-2013 23:58:05] PHP Notice:  Undefined variable: user_profile in /Applications/MAMP/htdocs/20122013/SEMESTER2/MAIV/FOOD/controller/GalleryController.php on line 136
[21-Jun-2013 23:58:05] PHP Notice:  Undefined variable: user_profile in /Applications/MAMP/htdocs/20122013/SEMESTER2/MAIV/FOOD/controller/GalleryController.php on line 136
[21-Jun-2013 23:58:05] PHP Notice:  Undefined variable: user_profile in /Applications/MAMP/htdocs/20122013/SEMESTER2/MAIV/FOOD/controller/GalleryController.php on line 136
[21-Jun-2013 23:58:05] PHP Notice:  Undefined variable: user_profile in /Applications/MAMP/htdocs/20122013/SEMESTER2/MAIV/FOOD/controller/GalleryController.php on line 136
[21-Jun-2013 23:58:05] PHP Notice:  Undefined variable: user_profile in /Applications/MAMP/htdocs/20122013/SEMESTER2/MAIV/FOOD/controller/GalleryController.php on line 136
[21-Jun-2013 23:58:05] PHP Notice:  Undefined variable: user_profile in /Applications/MAMP/htdocs/20122013/SEMESTER2/MAIV/FOOD/controller/GalleryController.php on line 136
[21-Jun-2013 23:58:06] PHP Notice:  Undefined variable: user_profile in /Applications/MAMP/htdocs/20122013/SEMESTER2/MAIV/FOOD/controller/GalleryController.php on line 136
[21-Jun-2013 23:58:07] PHP Notice:  Undefined variable: user_profile in /Applications/MAMP/htdocs/20122013/SEMESTER2/MAIV/FOOD/controller/GalleryController.php on line 136
[21-Jun-2013 23:58:07] PHP Notice:  Undefined variable: user_profile in /Applications/MAMP/htdocs/20122013/SEMESTER2/MAIV/FOOD/controller/GalleryController.php on line 136
[21-Jun-2013 23:58:30] PHP Notice:  Undefined variable: user_profile in /Applications/MAMP/htdocs/20122013/SEMESTER2/MAIV/FOOD/controller/GalleryController.php on line 136
[21-Jun-2013 23:58:31] PHP Notice:  Undefined variable: user_profile in /Applications/MAMP/htdocs/20122013/SEMESTER2/MAIV/FOOD/controller/GalleryController.php on line 136
[21-Jun-2013 23:58:31] PHP Notice:  Undefined variable: user_profile in /Applications/MAMP/htdocs/20122013/SEMESTER2/MAIV/FOOD/controller/GalleryController.php on line 136
[21-Jun-2013 23:58:31] PHP Notice:  Undefined variable: user_profile in /Applications/MAMP/htdocs/20122013/SEMESTER2/MAIV/FOOD/controller/GalleryController.php on line 136
[21-Jun-2013 23:58:32] PHP Notice:  Undefined variable: user_profile in /Applications/MAMP/htdocs/20122013/SEMESTER2/MAIV/FOOD/controller/GalleryController.php on line 136
[21-Jun-2013 23:58:34] PHP Notice:  Undefined variable: user_profile in /Applications/MAMP/htdocs/20122013/SEMESTER2/MAIV/FOOD/controller/GalleryController.php on line 136
[21-Jun-2013 23:58:35] PHP Notice:  Undefined variable: user_profile in /Applications/MAMP/htdocs/20122013/SEMESTER2/MAIV/FOOD/controller/GalleryController.php on line 136
[21-Jun-2013 23:59:43] PHP Notice:  Undefined variable: user_profile in /Applications/MAMP/htdocs/20122013/SEMESTER2/MAIV/FOOD/controller/GalleryController.php on line 135
[21-Jun-2013 23:59:44] PHP Notice:  Undefined variable: user_profile in /Applications/MAMP/htdocs/20122013/SEMESTER2/MAIV/FOOD/controller/GalleryController.php on line 135
[21-Jun-2013 23:59:44] PHP Notice:  Undefined variable: user_profile in /Applications/MAMP/htdocs/20122013/SEMESTER2/MAIV/FOOD/controller/GalleryController.php on line 135
[21-Jun-2013 23:59:45] PHP Notice:  Undefined variable: user_profile in /Applications/MAMP/htdocs/20122013/SEMESTER2/MAIV/FOOD/controller/GalleryController.php on line 135
[21-Jun-2013 23:59:45] PHP Notice:  Undefined variable: user_profile in /Applications/MAMP/htdocs/20122013/SEMESTER2/MAIV/FOOD/controller/GalleryController.php on line 135
[21-Jun-2013 23:59:45] PHP Notice:  Undefined variable: user_profile in /Applications/MAMP/htdocs/20122013/SEMESTER2/MAIV/FOOD/controller/GalleryController.php on line 135
[21-Jun-2013 23:59:45] PHP Notice:  Undefined variable: user_profile in /Applications/MAMP/htdocs/20122013/SEMESTER2/MAIV/FOOD/controller/GalleryController.php on line 135
[21-Jun-2013 23:59:45] PHP Notice:  Undefined variable: user_profile in /Applications/MAMP/htdocs/20122013/SEMESTER2/MAIV/FOOD/controller/GalleryController.php on line 135
[21-Jun-2013 23:59:45] PHP Notice:  Undefined variable: user_profile in /Applications/MAMP/htdocs/20122013/SEMESTER2/MAIV/FOOD/controller/GalleryController.php on line 135
[21-Jun-2013 23:59:45] PHP Notice:  Undefined variable: user_profile in /Applications/MAMP/htdocs/20122013/SEMESTER2/MAIV/FOOD/controller/GalleryController.php on line 135
[21-Jun-2013 23:59:45] PHP Notice:  Undefined variable: user_profile in /Applications/MAMP/htdocs/20122013/SEMESTER2/MAIV/FOOD/controller/GalleryController.php on line 135
[21-Jun-2013 23:59:47] PHP Notice:  Undefined variable: user_profile in /Applications/MAMP/htdocs/20122013/SEMESTER2/MAIV/FOOD/controller/GalleryController.php on line 135
[21-Jun-2013 23:59:47] PHP Notice:  Undefined variable: user_profile in /Applications/MAMP/htdocs/20122013/SEMESTER2/MAIV/FOOD/controller/GalleryController.php on line 135
[21-Jun-2013 23:59:48] PHP Notice:  Undefined variable: user_profile in /Applications/MAMP/htdocs/20122013/SEMESTER2/MAIV/FOOD/controller/GalleryController.php on line 135
[22-Jun-2013 00:01:27] PHP Notice:  Undefined variable: https://www.facebook.com/dialog/oauth?client_id=616766485000843&redirect_uri=http%3A%2F%2Flocalhost%2F20122013%2FSEMESTER2%2FMAIV%2FFOOD%2Findex.php%3Fpage%3Dgallery%26decade%3D50s%26action%3Dvote%26burgerId%3D1&state=167b7445baf16168abd4fdd7806aeca2&scope=email%2Coffline_access%2Cpublish_stream%2Cuser_birthday%2Cuser_location%2Cuser_work_history%2Cuser_about_me%2Cuser_hometown in /Applications/MAMP/htdocs/20122013/SEMESTER2/MAIV/FOOD/controller/GalleryController.php on line 121
[22-Jun-2013 00:01:28] PHP Notice:  Undefined variable: https://www.facebook.com/dialog/oauth?client_id=616766485000843&redirect_uri=http%3A%2F%2Flocalhost%2F20122013%2FSEMESTER2%2FMAIV%2FFOOD%2Findex.php%3Fpage%3Dgallery%26decade%3D50s%26action%3Dvote%26burgerId%3D1&state=167b7445baf16168abd4fdd7806aeca2&scope=email%2Coffline_access%2Cpublish_stream%2Cuser_birthday%2Cuser_location%2Cuser_work_history%2Cuser_about_me%2Cuser_hometown in /Applications/MAMP/htdocs/20122013/SEMESTER2/MAIV/FOOD/controller/GalleryController.php on line 121
[22-Jun-2013 00:01:29] PHP Notice:  Undefined variable: https://www.facebook.com/dialog/oauth?client_id=616766485000843&redirect_uri=http%3A%2F%2Flocalhost%2F20122013%2FSEMESTER2%2FMAIV%2FFOOD%2Findex.php%3Fpage%3Dgallery%26decade%3D50s%26action%3Dvote%26burgerId%3D1&state=167b7445baf16168abd4fdd7806aeca2&scope=email%2Coffline_access%2Cpublish_stream%2Cuser_birthday%2Cuser_location%2Cuser_work_history%2Cuser_about_me%2Cuser_hometown in /Applications/MAMP/htdocs/20122013/SEMESTER2/MAIV/FOOD/controller/GalleryController.php on line 121
[22-Jun-2013 00:01:29] PHP Notice:  Undefined variable: https://www.facebook.com/dialog/oauth?client_id=616766485000843&redirect_uri=http%3A%2F%2Flocalhost%2F20122013%2FSEMESTER2%2FMAIV%2FFOOD%2Findex.php%3Fpage%3Dgallery%26decade%3D50s%26action%3Dvote%26burgerId%3D1&state=167b7445baf16168abd4fdd7806aeca2&scope=email%2Coffline_access%2Cpublish_stream%2Cuser_birthday%2Cuser_location%2Cuser_work_history%2Cuser_about_me%2Cuser_hometown in /Applications/MAMP/htdocs/20122013/SEMESTER2/MAIV/FOOD/controller/GalleryController.php on line 121
[22-Jun-2013 00:01:29] PHP Notice:  Undefined variable: https://www.facebook.com/dialog/oauth?client_id=616766485000843&redirect_uri=http%3A%2F%2Flocalhost%2F20122013%2FSEMESTER2%2FMAIV%2FFOOD%2Findex.php%3Fpage%3Dgallery%26decade%3D50s%26action%3Dvote%26burgerId%3D1&state=167b7445baf16168abd4fdd7806aeca2&scope=email%2Coffline_access%2Cpublish_stream%2Cuser_birthday%2Cuser_location%2Cuser_work_history%2Cuser_about_me%2Cuser_hometown in /Applications/MAMP/htdocs/20122013/SEMESTER2/MAIV/FOOD/controller/GalleryController.php on line 121
[22-Jun-2013 00:01:30] PHP Notice:  Undefined variable: https://www.facebook.com/dialog/oauth?client_id=616766485000843&redirect_uri=http%3A%2F%2Flocalhost%2F20122013%2FSEMESTER2%2FMAIV%2FFOOD%2Findex.php%3Fpage%3Dgallery%26decade%3D50s%26action%3Dvote%26burgerId%3D1&state=167b7445baf16168abd4fdd7806aeca2&scope=email%2Coffline_access%2Cpublish_stream%2Cuser_birthday%2Cuser_location%2Cuser_work_history%2Cuser_about_me%2Cuser_hometown in /Applications/MAMP/htdocs/20122013/SEMESTER2/MAIV/FOOD/controller/GalleryController.php on line 121
[22-Jun-2013 00:01:30] PHP Notice:  Undefined variable: https://www.facebook.com/dialog/oauth?client_id=616766485000843&redirect_uri=http%3A%2F%2Flocalhost%2F20122013%2FSEMESTER2%2FMAIV%2FFOOD%2Findex.php%3Fpage%3Dgallery%26decade%3D50s%26action%3Dvote%26burgerId%3D1&state=167b7445baf16168abd4fdd7806aeca2&scope=email%2Coffline_access%2Cpublish_stream%2Cuser_birthday%2Cuser_location%2Cuser_work_history%2Cuser_about_me%2Cuser_hometown in /Applications/MAMP/htdocs/20122013/SEMESTER2/MAIV/FOOD/controller/GalleryController.php on line 121
[22-Jun-2013 00:01:30] PHP Notice:  Undefined variable: https://www.facebook.com/dialog/oauth?client_id=616766485000843&redirect_uri=http%3A%2F%2Flocalhost%2F20122013%2FSEMESTER2%2FMAIV%2FFOOD%2Findex.php%3Fpage%3Dgallery%26decade%3D50s%26action%3Dvote%26burgerId%3D1&state=167b7445baf16168abd4fdd7806aeca2&scope=email%2Coffline_access%2Cpublish_stream%2Cuser_birthday%2Cuser_location%2Cuser_work_history%2Cuser_about_me%2Cuser_hometown in /Applications/MAMP/htdocs/20122013/SEMESTER2/MAIV/FOOD/controller/GalleryController.php on line 121
[22-Jun-2013 00:01:30] PHP Notice:  Undefined variable: https://www.facebook.com/dialog/oauth?client_id=616766485000843&redirect_uri=http%3A%2F%2Flocalhost%2F20122013%2FSEMESTER2%2FMAIV%2FFOOD%2Findex.php%3Fpage%3Dgallery%26decade%3D50s%26action%3Dvote%26burgerId%3D1&state=167b7445baf16168abd4fdd7806aeca2&scope=email%2Coffline_access%2Cpublish_stream%2Cuser_birthday%2Cuser_location%2Cuser_work_history%2Cuser_about_me%2Cuser_hometown in /Applications/MAMP/htdocs/20122013/SEMESTER2/MAIV/FOOD/controller/GalleryController.php on line 121
[22-Jun-2013 00:01:30] PHP Notice:  Undefined variable: https://www.facebook.com/dialog/oauth?client_id=616766485000843&redirect_uri=http%3A%2F%2Flocalhost%2F20122013%2FSEMESTER2%2FMAIV%2FFOOD%2Findex.php%3Fpage%3Dgallery%26decade%3D50s%26action%3Dvote%26burgerId%3D1&state=167b7445baf16168abd4fdd7806aeca2&scope=email%2Coffline_access%2Cpublish_stream%2Cuser_birthday%2Cuser_location%2Cuser_work_history%2Cuser_about_me%2Cuser_hometown in /Applications/MAMP/htdocs/20122013/SEMESTER2/MAIV/FOOD/controller/GalleryController.php on line 121
[22-Jun-2013 00:01:30] PHP Notice:  Undefined variable: https://www.facebook.com/dialog/oauth?client_id=616766485000843&redirect_uri=http%3A%2F%2Flocalhost%2F20122013%2FSEMESTER2%2FMAIV%2FFOOD%2Findex.php%3Fpage%3Dgallery%26decade%3D50s%26action%3Dvote%26burgerId%3D1&state=167b7445baf16168abd4fdd7806aeca2&scope=email%2Coffline_access%2Cpublish_stream%2Cuser_birthday%2Cuser_location%2Cuser_work_history%2Cuser_about_me%2Cuser_hometown in /Applications/MAMP/htdocs/20122013/SEMESTER2/MAIV/FOOD/controller/GalleryController.php on line 121
[22-Jun-2013 00:07:41] PHP Warning:  include_once(facebook.php) [<a href='function.include-once'>function.include-once</a>]: failed to open stream: No such file or directory in /Applications/MAMP/htdocs/20122013/SEMESTER2/MAIV/FOOD/controller/GalleryController.php on line 113
[22-Jun-2013 00:07:41] PHP Warning:  include_once() [<a href='function.include'>function.include</a>]: Failed opening 'facebook.php' for inclusion (include_path='.:/Applications/MAMP/bin/php/php5.3.6/lib/php:/Applications/MAMP/htdocs/smarty/libs') in /Applications/MAMP/htdocs/20122013/SEMESTER2/MAIV/FOOD/controller/GalleryController.php on line 113
[22-Jun-2013 00:07:42] PHP Warning:  include_once(facebook.php) [<a href='function.include-once'>function.include-once</a>]: failed to open stream: No such file or directory in /Applications/MAMP/htdocs/20122013/SEMESTER2/MAIV/FOOD/controller/GalleryController.php on line 113
[22-Jun-2013 00:07:42] PHP Warning:  include_once() [<a href='function.include'>function.include</a>]: Failed opening 'facebook.php' for inclusion (include_path='.:/Applications/MAMP/bin/php/php5.3.6/lib/php:/Applications/MAMP/htdocs/smarty/libs') in /Applications/MAMP/htdocs/20122013/SEMESTER2/MAIV/FOOD/controller/GalleryController.php on line 113
[22-Jun-2013 00:07:43] PHP Warning:  include_once(facebook.php) [<a href='function.include-once'>function.include-once</a>]: failed to open stream: No such file or directory in /Applications/MAMP/htdocs/20122013/SEMESTER2/MAIV/FOOD/controller/GalleryController.php on line 113
[22-Jun-2013 00:07:43] PHP Warning:  include_once() [<a href='function.include'>function.include</a>]: Failed opening 'facebook.php' for inclusion (include_path='.:/Applications/MAMP/bin/php/php5.3.6/lib/php:/Applications/MAMP/htdocs/smarty/libs') in /Applications/MAMP/htdocs/20122013/SEMESTER2/MAIV/FOOD/controller/GalleryController.php on line 113
[22-Jun-2013 00:07:43] PHP Warning:  include_once(facebook.php) [<a href='function.include-once'>function.include-once</a>]: failed to open stream: No such file or directory in /Applications/MAMP/htdocs/20122013/SEMESTER2/MAIV/FOOD/controller/GalleryController.php on line 113
[22-Jun-2013 00:07:43] PHP Warning:  include_once() [<a href='function.include'>function.include</a>]: Failed opening 'facebook.php' for inclusion (include_path='.:/Applications/MAMP/bin/php/php5.3.6/lib/php:/Applications/MAMP/htdocs/smarty/libs') in /Applications/MAMP/htdocs/20122013/SEMESTER2/MAIV/FOOD/controller/GalleryController.php on line 113
[22-Jun-2013 00:07:43] PHP Warning:  include_once(facebook.php) [<a href='function.include-once'>function.include-once</a>]: failed to open stream: No such file or directory in /Applications/MAMP/htdocs/20122013/SEMESTER2/MAIV/FOOD/controller/GalleryController.php on line 113
[22-Jun-2013 00:07:43] PHP Warning:  include_once() [<a href='function.include'>function.include</a>]: Failed opening 'facebook.php' for inclusion (include_path='.:/Applications/MAMP/bin/php/php5.3.6/lib/php:/Applications/MAMP/htdocs/smarty/libs') in /Applications/MAMP/htdocs/20122013/SEMESTER2/MAIV/FOOD/controller/GalleryController.php on line 113
[22-Jun-2013 00:07:44] PHP Warning:  include_once(facebook.php) [<a href='function.include-once'>function.include-once</a>]: failed to open stream: No such file or directory in /Applications/MAMP/htdocs/20122013/SEMESTER2/MAIV/FOOD/controller/GalleryController.php on line 113
[22-Jun-2013 00:07:44] PHP Warning:  include_once() [<a href='function.include'>function.include</a>]: Failed opening 'facebook.php' for inclusion (include_path='.:/Applications/MAMP/bin/php/php5.3.6/lib/php:/Applications/MAMP/htdocs/smarty/libs') in /Applications/MAMP/htdocs/20122013/SEMESTER2/MAIV/FOOD/controller/GalleryController.php on line 113
[22-Jun-2013 00:07:58] PHP Warning:  include_once(facebook.php) [<a href='function.include-once'>function.include-once</a>]: failed to open stream: No such file or directory in /Applications/MAMP/htdocs/20122013/SEMESTER2/MAIV/FOOD/controller/GalleryController.php on line 113
[22-Jun-2013 00:07:58] PHP Warning:  include_once() [<a href='function.include'>function.include</a>]: Failed opening 'facebook.php' for inclusion (include_path='.:/Applications/MAMP/bin/php/php5.3.6/lib/php:/Applications/MAMP/htdocs/smarty/libs') in /Applications/MAMP/htdocs/20122013/SEMESTER2/MAIV/FOOD/controller/GalleryController.php on line 113
[22-Jun-2013 00:09:38] PHP Warning:  include_once(facebook.php) [<a href='function.include-once'>function.include-once</a>]: failed to open stream: No such file or directory in /Applications/MAMP/htdocs/20122013/SEMESTER2/MAIV/FOOD/controller/GalleryController.php on line 113
[22-Jun-2013 00:09:38] PHP Warning:  include_once() [<a href='function.include'>function.include</a>]: Failed opening 'facebook.php' for inclusion (include_path='.:/Applications/MAMP/bin/php/php5.3.6/lib/php:/Applications/MAMP/htdocs/smarty/libs') in /Applications/MAMP/htdocs/20122013/SEMESTER2/MAIV/FOOD/controller/GalleryController.php on line 113
[22-Jun-2013 00:09:38] PHP Warning:  include_once(facebook.php) [<a href='function.include-once'>function.include-once</a>]: failed to open stream: No such file or directory in /Applications/MAMP/htdocs/20122013/SEMESTER2/MAIV/FOOD/controller/GalleryController.php on line 113
[22-Jun-2013 00:09:38] PHP Warning:  include_once() [<a href='function.include'>function.include</a>]: Failed opening 'facebook.php' for inclusion (include_path='.:/Applications/MAMP/bin/php/php5.3.6/lib/php:/Applications/MAMP/htdocs/smarty/libs') in /Applications/MAMP/htdocs/20122013/SEMESTER2/MAIV/FOOD/controller/GalleryController.php on line 113
[22-Jun-2013 00:09:39] PHP Warning:  include_once(facebook.php) [<a href='function.include-once'>function.include-once</a>]: failed to open stream: No such file or directory in /Applications/MAMP/htdocs/20122013/SEMESTER2/MAIV/FOOD/controller/GalleryController.php on line 113
[22-Jun-2013 00:09:39] PHP Warning:  include_once() [<a href='function.include'>function.include</a>]: Failed opening 'facebook.php' for inclusion (include_path='.:/Applications/MAMP/bin/php/php5.3.6/lib/php:/Applications/MAMP/htdocs/smarty/libs') in /Applications/MAMP/htdocs/20122013/SEMESTER2/MAIV/FOOD/controller/GalleryController.php on line 113
[22-Jun-2013 00:09:39] PHP Warning:  include_once(facebook.php) [<a href='function.include-once'>function.include-once</a>]: failed to open stream: No such file or directory in /Applications/MAMP/htdocs/20122013/SEMESTER2/MAIV/FOOD/controller/GalleryController.php on line 113
[22-Jun-2013 00:09:39] PHP Warning:  include_once() [<a href='function.include'>function.include</a>]: Failed opening 'facebook.php' for inclusion (include_path='.:/Applications/MAMP/bin/php/php5.3.6/lib/php:/Applications/MAMP/htdocs/smarty/libs') in /Applications/MAMP/htdocs/20122013/SEMESTER2/MAIV/FOOD/controller/GalleryController.php on line 113
[22-Jun-2013 00:09:39] PHP Warning:  include_once(facebook.php) [<a href='function.include-once'>function.include-once</a>]: failed to open stream: No such file or directory in /Applications/MAMP/htdocs/20122013/SEMESTER2/MAIV/FOOD/controller/GalleryController.php on line 113
[22-Jun-2013 00:09:39] PHP Warning:  include_once() [<a href='function.include'>function.include</a>]: Failed opening 'facebook.php' for inclusion (include_path='.:/Applications/MAMP/bin/php/php5.3.6/lib/php:/Applications/MAMP/htdocs/smarty/libs') in /Applications/MAMP/htdocs/20122013/SEMESTER2/MAIV/FOOD/controller/GalleryController.php on line 113
[22-Jun-2013 00:09:39] PHP Warning:  include_once(facebook.php) [<a href='function.include-once'>function.include-once</a>]: failed to open stream: No such file or directory in /Applications/MAMP/htdocs/20122013/SEMESTER2/MAIV/FOOD/controller/GalleryController.php on line 113
[22-Jun-2013 00:09:39] PHP Warning:  include_once() [<a href='function.include'>function.include</a>]: Failed opening 'facebook.php' for inclusion (include_path='.:/Applications/MAMP/bin/php/php5.3.6/lib/php:/Applications/MAMP/htdocs/smarty/libs') in /Applications/MAMP/htdocs/20122013/SEMESTER2/MAIV/FOOD/controller/GalleryController.php on line 113
[22-Jun-2013 00:09:39] PHP Warning:  include_once(facebook.php) [<a href='function.include-once'>function.include-once</a>]: failed to open stream: No such file or directory in /Applications/MAMP/htdocs/20122013/SEMESTER2/MAIV/FOOD/controller/GalleryController.php on line 113
[22-Jun-2013 00:09:39] PHP Warning:  include_once() [<a href='function.include'>function.include</a>]: Failed opening 'facebook.php' for inclusion (include_path='.:/Applications/MAMP/bin/php/php5.3.6/lib/php:/Applications/MAMP/htdocs/smarty/libs') in /Applications/MAMP/htdocs/20122013/SEMESTER2/MAIV/FOOD/controller/GalleryController.php on line 113
[22-Jun-2013 00:09:40] PHP Warning:  include_once(facebook.php) [<a href='function.include-once'>function.include-once</a>]: failed to open stream: No such file or directory in /Applications/MAMP/htdocs/20122013/SEMESTER2/MAIV/FOOD/controller/GalleryController.php on line 113
[22-Jun-2013 00:09:40] PHP Warning:  include_once() [<a href='function.include'>function.include</a>]: Failed opening 'facebook.php' for inclusion (include_path='.:/Applications/MAMP/bin/php/php5.3.6/lib/php:/Applications/MAMP/htdocs/smarty/libs') in /Applications/MAMP/htdocs/20122013/SEMESTER2/MAIV/FOOD/controller/GalleryController.php on line 113
[22-Jun-2013 00:09:40] PHP Warning:  include_once(facebook.php) [<a href='function.include-once'>function.include-once</a>]: failed to open stream: No such file or directory in /Applications/MAMP/htdocs/20122013/SEMESTER2/MAIV/FOOD/controller/GalleryController.php on line 113
[22-Jun-2013 00:09:40] PHP Warning:  include_once() [<a href='function.include'>function.include</a>]: Failed opening 'facebook.php' for inclusion (include_path='.:/Applications/MAMP/bin/php/php5.3.6/lib/php:/Applications/MAMP/htdocs/smarty/libs') in /Applications/MAMP/htdocs/20122013/SEMESTER2/MAIV/FOOD/controller/GalleryController.php on line 113
[22-Jun-2013 00:09:41] PHP Warning:  include_once(facebook.php) [<a href='function.include-once'>function.include-once</a>]: failed to open stream: No such file or directory in /Applications/MAMP/htdocs/20122013/SEMESTER2/MAIV/FOOD/controller/GalleryController.php on line 113
[22-Jun-2013 00:09:41] PHP Warning:  include_once() [<a href='function.include'>function.include</a>]: Failed opening 'facebook.php' for inclusion (include_path='.:/Applications/MAMP/bin/php/php5.3.6/lib/php:/Applications/MAMP/htdocs/smarty/libs') in /Applications/MAMP/htdocs/20122013/SEMESTER2/MAIV/FOOD/controller/GalleryController.php on line 113
[22-Jun-2013 00:09:42] PHP Warning:  include_once(facebook.php) [<a href='function.include-once'>function.include-once</a>]: failed to open stream: No such file or directory in /Applications/MAMP/htdocs/20122013/SEMESTER2/MAIV/FOOD/controller/GalleryController.php on line 113
[22-Jun-2013 00:09:42] PHP Warning:  include_once() [<a href='function.include'>function.include</a>]: Failed opening 'facebook.php' for inclusion (include_path='.:/Applications/MAMP/bin/php/php5.3.6/lib/php:/Applications/MAMP/htdocs/smarty/libs') in /Applications/MAMP/htdocs/20122013/SEMESTER2/MAIV/FOOD/controller/GalleryController.php on line 113
[22-Jun-2013 00:11:21] PHP Warning:  include_once(facebook.php) [<a href='function.include-once'>function.include-once</a>]: failed to open stream: No such file or directory in /Applications/MAMP/htdocs/20122013/SEMESTER2/MAIV/FOOD/controller/GalleryController.php on line 113
[22-Jun-2013 00:11:21] PHP Warning:  include_once() [<a href='function.include'>function.include</a>]: Failed opening 'facebook.php' for inclusion (include_path='.:/Applications/MAMP/bin/php/php5.3.6/lib/php:/Applications/MAMP/htdocs/smarty/libs') in /Applications/MAMP/htdocs/20122013/SEMESTER2/MAIV/FOOD/controller/GalleryController.php on line 113
[22-Jun-2013 00:11:22] PHP Warning:  include_once(facebook.php) [<a href='function.include-once'>function.include-once</a>]: failed to open stream: No such file or directory in /Applications/MAMP/htdocs/20122013/SEMESTER2/MAIV/FOOD/controller/GalleryController.php on line 113
[22-Jun-2013 00:11:22] PHP Warning:  include_once() [<a href='function.include'>function.include</a>]: Failed opening 'facebook.php' for inclusion (include_path='.:/Applications/MAMP/bin/php/php5.3.6/lib/php:/Applications/MAMP/htdocs/smarty/libs') in /Applications/MAMP/htdocs/20122013/SEMESTER2/MAIV/FOOD/controller/GalleryController.php on line 113
[22-Jun-2013 00:11:22] PHP Warning:  include_once(facebook.php) [<a href='function.include-once'>function.include-once</a>]: failed to open stream: No such file or directory in /Applications/MAMP/htdocs/20122013/SEMESTER2/MAIV/FOOD/controller/GalleryController.php on line 113
[22-Jun-2013 00:11:22] PHP Warning:  include_once() [<a href='function.include'>function.include</a>]: Failed opening 'facebook.php' for inclusion (include_path='.:/Applications/MAMP/bin/php/php5.3.6/lib/php:/Applications/MAMP/htdocs/smarty/libs') in /Applications/MAMP/htdocs/20122013/SEMESTER2/MAIV/FOOD/controller/GalleryController.php on line 113
[22-Jun-2013 00:11:22] PHP Warning:  include_once(facebook.php) [<a href='function.include-once'>function.include-once</a>]: failed to open stream: No such file or directory in /Applications/MAMP/htdocs/20122013/SEMESTER2/MAIV/FOOD/controller/GalleryController.php on line 113
[22-Jun-2013 00:11:22] PHP Warning:  include_once() [<a href='function.include'>function.include</a>]: Failed opening 'facebook.php' for inclusion (include_path='.:/Applications/MAMP/bin/php/php5.3.6/lib/php:/Applications/MAMP/htdocs/smarty/libs') in /Applications/MAMP/htdocs/20122013/SEMESTER2/MAIV/FOOD/controller/GalleryController.php on line 113
[22-Jun-2013 00:11:22] PHP Warning:  include_once(facebook.php) [<a href='function.include-once'>function.include-once</a>]: failed to open stream: No such file or directory in /Applications/MAMP/htdocs/20122013/SEMESTER2/MAIV/FOOD/controller/GalleryController.php on line 113
[22-Jun-2013 00:11:22] PHP Warning:  include_once() [<a href='function.include'>function.include</a>]: Failed opening 'facebook.php' for inclusion (include_path='.:/Applications/MAMP/bin/php/php5.3.6/lib/php:/Applications/MAMP/htdocs/smarty/libs') in /Applications/MAMP/htdocs/20122013/SEMESTER2/MAIV/FOOD/controller/GalleryController.php on line 113
[22-Jun-2013 00:11:23] PHP Warning:  include_once(facebook.php) [<a href='function.include-once'>function.include-once</a>]: failed to open stream: No such file or directory in /Applications/MAMP/htdocs/20122013/SEMESTER2/MAIV/FOOD/controller/GalleryController.php on line 113
[22-Jun-2013 00:11:23] PHP Warning:  include_once() [<a href='function.include'>function.include</a>]: Failed opening 'facebook.php' for inclusion (include_path='.:/Applications/MAMP/bin/php/php5.3.6/lib/php:/Applications/MAMP/htdocs/smarty/libs') in /Applications/MAMP/htdocs/20122013/SEMESTER2/MAIV/FOOD/controller/GalleryController.php on line 113
[22-Jun-2013 00:11:23] PHP Warning:  include_once(facebook.php) [<a href='function.include-once'>function.include-once</a>]: failed to open stream: No such file or directory in /Applications/MAMP/htdocs/20122013/SEMESTER2/MAIV/FOOD/controller/GalleryController.php on line 113
[22-Jun-2013 00:11:23] PHP Warning:  include_once() [<a href='function.include'>function.include</a>]: Failed opening 'facebook.php' for inclusion (include_path='.:/Applications/MAMP/bin/php/php5.3.6/lib/php:/Applications/MAMP/htdocs/smarty/libs') in /Applications/MAMP/htdocs/20122013/SEMESTER2/MAIV/FOOD/controller/GalleryController.php on line 113
[22-Jun-2013 00:11:23] PHP Warning:  include_once(facebook.php) [<a href='function.include-once'>function.include-once</a>]: failed to open stream: No such file or directory in /Applications/MAMP/htdocs/20122013/SEMESTER2/MAIV/FOOD/controller/GalleryController.php on line 113
[22-Jun-2013 00:11:23] PHP Warning:  include_once() [<a href='function.include'>function.include</a>]: Failed opening 'facebook.php' for inclusion (include_path='.:/Applications/MAMP/bin/php/php5.3.6/lib/php:/Applications/MAMP/htdocs/smarty/libs') in /Applications/MAMP/htdocs/20122013/SEMESTER2/MAIV/FOOD/controller/GalleryController.php on line 113
[22-Jun-2013 00:11:23] PHP Warning:  include_once(facebook.php) [<a href='function.include-once'>function.include-once</a>]: failed to open stream: No such file or directory in /Applications/MAMP/htdocs/20122013/SEMESTER2/MAIV/FOOD/controller/GalleryController.php on line 113
[22-Jun-2013 00:11:23] PHP Warning:  include_once() [<a href='function.include'>function.include</a>]: Failed opening 'facebook.php' for inclusion (include_path='.:/Applications/MAMP/bin/php/php5.3.6/lib/php:/Applications/MAMP/htdocs/smarty/libs') in /Applications/MAMP/htdocs/20122013/SEMESTER2/MAIV/FOOD/controller/GalleryController.php on line 113
[22-Jun-2013 00:11:23] PHP Warning:  include_once(facebook.php) [<a href='function.include-once'>function.include-once</a>]: failed to open stream: No such file or directory in /Applications/MAMP/htdocs/20122013/SEMESTER2/MAIV/FOOD/controller/GalleryController.php on line 113
[22-Jun-2013 00:11:23] PHP Warning:  include_once() [<a href='function.include'>function.include</a>]: Failed opening 'facebook.php' for inclusion (include_path='.:/Applications/MAMP/bin/php/php5.3.6/lib/php:/Applications/MAMP/htdocs/smarty/libs') in /Applications/MAMP/htdocs/20122013/SEMESTER2/MAIV/FOOD/controller/GalleryController.php on line 113
[22-Jun-2013 00:11:23] PHP Warning:  include_once(facebook.php) [<a href='function.include-once'>function.include-once</a>]: failed to open stream: No such file or directory in /Applications/MAMP/htdocs/20122013/SEMESTER2/MAIV/FOOD/controller/GalleryController.php on line 113
[22-Jun-2013 00:11:23] PHP Warning:  include_once() [<a href='function.include'>function.include</a>]: Failed opening 'facebook.php' for inclusion (include_path='.:/Applications/MAMP/bin/php/php5.3.6/lib/php:/Applications/MAMP/htdocs/smarty/libs') in /Applications/MAMP/htdocs/20122013/SEMESTER2/MAIV/FOOD/controller/GalleryController.php on line 113
>>>>>>> 9a2322b6dfd05b28a20347144d197cf9dc8e3fe9
